2018-02-02 00:02:04.0175 DEBUG Aggregating records in 'Counter' table...
2018-02-02 00:05:21.1531 INFO Start installing Hangfire SQL objects...
2018-02-02 00:05:21.3691 INFO Hangfire SQL objects installed.
2018-02-02 00:05:21.4091 INFO Starting Hangfire Server
2018-02-02 00:05:21.4131 INFO Using job storage: 'SQL Server: .\SQLEXPRESS@HoneyConnection'
2018-02-02 00:05:21.4131 INFO Using the following options for SQL Server job storage:
2018-02-02 00:05:21.4131 INFO     Queue poll interval: 00:00:15.
2018-02-02 00:05:21.4131 INFO Using the following options for Hangfire Server:
2018-02-02 00:05:21.4131 INFO     Worker count: 10
2018-02-02 00:05:21.4131 INFO     Listening queues: 'default'
2018-02-02 00:05:21.4131 INFO     Shutdown timeout: 00:00:15
2018-02-02 00:05:21.4131 INFO     Schedule polling interval: 00:00:15
2018-02-02 00:05:21.4481 DEBUG Background process 'BackgroundProcessingServer' started.
2018-02-02 00:05:21.7602 DEBUG Background process 'ServerHeartbeat' started.
2018-02-02 00:05:21.7902 DEBUG Background process 'ServerWatchdog' started.
2018-02-02 00:05:21.7902 DEBUG Background process 'Hangfire.SqlServer.ExpirationManager' started.
2018-02-02 00:05:21.8092 DEBUG Removing outdated records from the 'AggregatedCounter' table...
2018-02-02 00:05:21.8542 DEBUG Background process 'Hangfire.SqlServer.CountersAggregator' started.
2018-02-02 00:05:21.8762 DEBUG Aggregating records in 'Counter' table...
2018-02-02 00:05:21.8972 DEBUG Background process 'Worker #54685750' started.
2018-02-02 00:05:21.9162 DEBUG Background process 'Worker #f07cfce1' started.
2018-02-02 00:05:21.9302 DEBUG Removing outdated records from the 'Job' table...
2018-02-02 00:05:21.9772 DEBUG Background process 'Worker #f97261f5' started.
2018-02-02 00:05:22.0022 DEBUG Background process 'Worker #6687c1e0' started.
2018-02-02 00:05:22.0322 DEBUG Background process 'Worker #d6f32e38' started.
2018-02-02 00:05:22.0402 DEBUG Removing outdated records from the 'List' table...
2018-02-02 00:05:22.0672 DEBUG Background process 'Worker #c3187079' started.
2018-02-02 00:05:22.0852 DEBUG Background process 'Worker #148252ec' started.
2018-02-02 00:05:22.1122 DEBUG Background process 'Worker #59486f6e' started.
2018-02-02 00:05:22.1122 DEBUG Background process 'Worker #eb033c7e' started.
2018-02-02 00:05:22.2022 DEBUG Background process 'Worker #036492f4' started.
2018-02-02 00:05:22.2112 DEBUG Background process 'DelayedJobScheduler' started.
2018-02-02 00:05:22.2112 DEBUG Background process 'RecurringJobScheduler' started.
2018-02-02 00:05:22.3472 DEBUG Removing outdated records from the 'Set' table...
2018-02-02 00:05:22.4282 DEBUG Removing outdated records from the 'Hash' table...
2018-02-02 00:09:05.7831 INFO Start installing Hangfire SQL objects...
2018-02-02 00:09:05.9681 INFO Hangfire SQL objects installed.
2018-02-02 00:09:06.0071 INFO Starting Hangfire Server
2018-02-02 00:09:06.0071 INFO Using job storage: 'SQL Server: .\SQLEXPRESS@HoneyConnection'
2018-02-02 00:09:06.0071 INFO Using the following options for SQL Server job storage:
2018-02-02 00:09:06.0071 INFO     Queue poll interval: 00:00:15.
2018-02-02 00:09:06.0071 INFO Using the following options for Hangfire Server:
2018-02-02 00:09:06.0071 INFO     Worker count: 10
2018-02-02 00:09:06.0071 INFO     Listening queues: 'default'
2018-02-02 00:09:06.0071 INFO     Shutdown timeout: 00:00:15
2018-02-02 00:09:06.0071 INFO     Schedule polling interval: 00:00:15
2018-02-02 00:09:06.0481 DEBUG Background process 'BackgroundProcessingServer' started.
2018-02-02 00:09:06.3331 DEBUG Background process 'ServerHeartbeat' started.
2018-02-02 00:09:06.3331 DEBUG Background process 'ServerWatchdog' started.
2018-02-02 00:09:06.3651 DEBUG Background process 'Hangfire.SqlServer.ExpirationManager' started.
2018-02-02 00:09:06.3651 DEBUG Removing outdated records from the 'AggregatedCounter' table...
2018-02-02 00:09:06.3821 DEBUG Background process 'Hangfire.SqlServer.CountersAggregator' started.
2018-02-02 00:09:06.3981 DEBUG Background process 'Worker #9979631e' started.
2018-02-02 00:09:06.4141 DEBUG Aggregating records in 'Counter' table...
2018-02-02 00:09:06.4301 DEBUG Background process 'Worker #d2a7619e' started.
2018-02-02 00:09:06.4841 DEBUG Background process 'Worker #9bdb3500' started.
2018-02-02 00:09:06.5331 DEBUG Background process 'Worker #9909f993' started.
2018-02-02 00:09:06.5551 DEBUG Background process 'Worker #57813a70' started.
2018-02-02 00:09:06.5551 DEBUG Background process 'Worker #eaae1d32' started.
2018-02-02 00:09:06.6071 DEBUG Background process 'Worker #c24dd214' started.
2018-02-02 00:09:06.6191 DEBUG Removing outdated records from the 'Job' table...
2018-02-02 00:09:06.6331 DEBUG Background process 'Worker #b1501fa4' started.
2018-02-02 00:09:06.6681 DEBUG Background process 'Worker #af288f36' started.
2018-02-02 00:09:06.6681 DEBUG Background process 'DelayedJobScheduler' started.
2018-02-02 00:09:06.6881 DEBUG Background process 'Worker #9feae355' started.
2018-02-02 00:09:06.7622 DEBUG Background process 'RecurringJobScheduler' started.
2018-02-02 00:09:06.8772 DEBUG Removing outdated records from the 'List' table...
2018-02-02 00:09:06.9172 DEBUG Removing outdated records from the 'Set' table...
2018-02-02 00:09:06.9532 DEBUG Removing outdated records from the 'Hash' table...
2018-02-02 00:22:55.2615 INFO Start installing Hangfire SQL objects...
2018-02-02 00:22:55.4535 INFO Hangfire SQL objects installed.
2018-02-02 00:22:55.4946 INFO Starting Hangfire Server
2018-02-02 00:22:55.4946 INFO Using job storage: 'SQL Server: .\SQLEXPRESS@HoneyConnection'
2018-02-02 00:22:55.4946 INFO Using the following options for SQL Server job storage:
2018-02-02 00:22:55.4946 INFO     Queue poll interval: 00:00:15.
2018-02-02 00:22:55.4946 INFO Using the following options for Hangfire Server:
2018-02-02 00:22:55.4946 INFO     Worker count: 10
2018-02-02 00:22:55.4946 INFO     Listening queues: 'default'
2018-02-02 00:22:55.4946 INFO     Shutdown timeout: 00:00:15
2018-02-02 00:22:55.4946 INFO     Schedule polling interval: 00:00:15
2018-02-02 00:22:55.5366 DEBUG Background process 'BackgroundProcessingServer' started.
2018-02-02 00:22:55.8086 DEBUG Background process 'ServerHeartbeat' started.
2018-02-02 00:22:55.8086 DEBUG Background process 'ServerWatchdog' started.
2018-02-02 00:22:55.8476 DEBUG Background process 'Hangfire.SqlServer.ExpirationManager' started.
2018-02-02 00:22:55.8476 DEBUG Removing outdated records from the 'AggregatedCounter' table...
2018-02-02 00:22:55.8656 DEBUG Background process 'Worker #5bd9015a' started.
2018-02-02 00:22:55.8656 DEBUG Background process 'Hangfire.SqlServer.CountersAggregator' started.
2018-02-02 00:22:55.9036 INFO 3 servers were removed due to timeout
2018-02-02 00:22:55.9226 DEBUG Aggregating records in 'Counter' table...
2018-02-02 00:22:55.9436 DEBUG Background process 'Worker #1efa0dbb' started.
2018-02-02 00:22:55.9756 DEBUG Removing outdated records from the 'Job' table...
2018-02-02 00:22:56.0126 DEBUG Background process 'Worker #6410c7b3' started.
2018-02-02 00:22:56.0126 DEBUG Background process 'Worker #62ab340f' started.
2018-02-02 00:22:56.0766 DEBUG Background process 'Worker #9af4d867' started.
2018-02-02 00:22:56.0766 DEBUG Background process 'Worker #c316bcd9' started.
2018-02-02 00:22:56.1096 DEBUG Background process 'Worker #a2a6f830' started.
2018-02-02 00:22:56.1316 DEBUG Removing outdated records from the 'List' table...
2018-02-02 00:22:56.1786 DEBUG Background process 'Worker #03617b32' started.
2018-02-02 00:22:56.2466 DEBUG Background process 'Worker #1371d7f8' started.
2018-02-02 00:22:56.2466 DEBUG Background process 'Worker #068f32c9' started.
2018-02-02 00:22:56.3116 DEBUG Background process 'DelayedJobScheduler' started.
2018-02-02 00:22:56.3466 DEBUG Background process 'RecurringJobScheduler' started.
2018-02-02 00:22:56.3896 DEBUG Removing outdated records from the 'Set' table...
2018-02-02 00:22:56.4436 DEBUG Removing outdated records from the 'Hash' table...
2018-02-02 00:26:11.6058 INFO Start installing Hangfire SQL objects...
2018-02-02 00:26:11.8398 INFO Hangfire SQL objects installed.
2018-02-02 00:26:11.8798 INFO Starting Hangfire Server
2018-02-02 00:26:11.8798 INFO Using job storage: 'SQL Server: .\SQLEXPRESS@HoneyConnection'
2018-02-02 00:26:11.8838 INFO Using the following options for SQL Server job storage:
2018-02-02 00:26:11.8838 INFO     Queue poll interval: 00:00:15.
2018-02-02 00:26:11.8838 INFO Using the following options for Hangfire Server:
2018-02-02 00:26:11.8838 INFO     Worker count: 10
2018-02-02 00:26:11.8838 INFO     Listening queues: 'default'
2018-02-02 00:26:11.8838 INFO     Shutdown timeout: 00:00:15
2018-02-02 00:26:11.8838 INFO     Schedule polling interval: 00:00:15
2018-02-02 00:26:11.9188 DEBUG Background process 'BackgroundProcessingServer' started.
2018-02-02 00:26:12.2048 DEBUG Background process 'ServerHeartbeat' started.
2018-02-02 00:26:12.2708 DEBUG Background process 'ServerWatchdog' started.
2018-02-02 00:26:12.2938 DEBUG Background process 'Hangfire.SqlServer.ExpirationManager' started.
2018-02-02 00:26:12.3078 DEBUG Removing outdated records from the 'AggregatedCounter' table...
2018-02-02 00:26:12.3078 DEBUG Background process 'Hangfire.SqlServer.CountersAggregator' started.
2018-02-02 00:26:12.3268 DEBUG Aggregating records in 'Counter' table...
2018-02-02 00:26:12.3608 DEBUG Background process 'Worker #cd918cd8' started.
2018-02-02 00:26:12.3608 DEBUG Background process 'Worker #3945b22b' started.
2018-02-02 00:26:12.4208 DEBUG Background process 'Worker #15c53ff7' started.
2018-02-02 00:26:12.4768 DEBUG Background process 'Worker #4a0abab0' started.
2018-02-02 00:26:12.4948 DEBUG Background process 'Worker #c354725d' started.
2018-02-02 00:26:12.5618 DEBUG Removing outdated records from the 'Job' table...
2018-02-02 00:26:12.6528 DEBUG Background process 'Worker #5ddb9392' started.
2018-02-02 00:26:12.7508 DEBUG Background process 'Worker #53f88e7b' started.
2018-02-02 00:26:12.7858 DEBUG Background process 'Worker #915eacf2' started.
2018-02-02 00:26:12.8748 DEBUG Removing outdated records from the 'List' table...
2018-02-02 00:26:12.9118 DEBUG Background process 'Worker #5588002a' started.
2018-02-02 00:26:12.9388 DEBUG Background process 'Worker #8c7091ed' started.
2018-02-02 00:26:12.9658 DEBUG Background process 'DelayedJobScheduler' started.
2018-02-02 00:26:12.9918 DEBUG Background process 'RecurringJobScheduler' started.
2018-02-02 00:26:13.0659 DEBUG Removing outdated records from the 'Set' table...
2018-02-02 00:26:13.1329 DEBUG Removing outdated records from the 'Hash' table...
2018-02-02 00:27:38.3027 INFO Start installing Hangfire SQL objects...
2018-02-02 00:27:38.5647 INFO Hangfire SQL objects installed.
2018-02-02 00:27:38.6057 INFO Starting Hangfire Server
2018-02-02 00:27:38.6057 INFO Using job storage: 'SQL Server: .\SQLEXPRESS@HoneyConnection'
2018-02-02 00:27:38.6057 INFO Using the following options for SQL Server job storage:
2018-02-02 00:27:38.6057 INFO     Queue poll interval: 00:00:15.
2018-02-02 00:27:38.6057 INFO Using the following options for Hangfire Server:
2018-02-02 00:27:38.6057 INFO     Worker count: 10
2018-02-02 00:27:38.6057 INFO     Listening queues: 'default'
2018-02-02 00:27:38.6057 INFO     Shutdown timeout: 00:00:15
2018-02-02 00:27:38.6057 INFO     Schedule polling interval: 00:00:15
2018-02-02 00:27:38.6437 DEBUG Background process 'BackgroundProcessingServer' started.
2018-02-02 00:27:38.8878 DEBUG Background process 'ServerHeartbeat' started.
2018-02-02 00:27:38.9178 DEBUG Background process 'ServerWatchdog' started.
2018-02-02 00:27:38.9358 DEBUG Background process 'Hangfire.SqlServer.ExpirationManager' started.
2018-02-02 00:27:38.9358 DEBUG Background process 'Hangfire.SqlServer.CountersAggregator' started.
2018-02-02 00:27:38.9518 DEBUG Removing outdated records from the 'AggregatedCounter' table...
2018-02-02 00:27:38.9518 DEBUG Aggregating records in 'Counter' table...
2018-02-02 00:27:38.9818 DEBUG Background process 'Worker #e0f5b2f4' started.
2018-02-02 00:27:39.0218 DEBUG Background process 'Worker #3ec9f3cf' started.
2018-02-02 00:27:39.0218 DEBUG Background process 'Worker #042288ae' started.
2018-02-02 00:27:39.0388 DEBUG Background process 'Worker #0b08fa1c' started.
2018-02-02 00:27:39.0928 DEBUG Background process 'Worker #2d97f3fb' started.
2018-02-02 00:27:39.1118 DEBUG Background process 'Worker #e06d5a3b' started.
2018-02-02 00:27:39.1408 DEBUG Background process 'Worker #0082888b' started.
2018-02-02 00:27:39.1878 DEBUG Background process 'Worker #5790d4d4' started.
2018-02-02 00:27:39.2588 DEBUG Removing outdated records from the 'Job' table...
2018-02-02 00:27:39.2978 DEBUG Background process 'Worker #b862d3ed' started.
2018-02-02 00:27:39.3168 DEBUG Background process 'Worker #ee5c4cf8' started.
2018-02-02 00:27:39.3558 DEBUG Background process 'RecurringJobScheduler' started.
2018-02-02 00:27:39.3918 DEBUG Background process 'DelayedJobScheduler' started.
2018-02-02 00:27:39.4898 DEBUG Removing outdated records from the 'List' table...
2018-02-02 00:27:39.5448 DEBUG Removing outdated records from the 'Set' table...
2018-02-02 00:27:39.5748 DEBUG Removing outdated records from the 'Hash' table...
2018-02-02 00:32:39.0389 INFO 2 servers were removed due to timeout
2018-02-02 00:32:39.2179 DEBUG Aggregating records in 'Counter' table...
2018-02-02 15:58:20.9195 INFO Start installing Hangfire SQL objects...
2018-02-02 15:58:21.2045 INFO Hangfire SQL objects installed.
2018-02-02 15:58:21.2465 INFO Starting Hangfire Server
2018-02-02 15:58:21.2465 INFO Using job storage: 'SQL Server: .\SQLEXPRESS@HoneyConnection'
2018-02-02 15:58:21.2465 INFO Using the following options for SQL Server job storage:
2018-02-02 15:58:21.2465 INFO     Queue poll interval: 00:00:15.
2018-02-02 15:58:21.2535 INFO Using the following options for Hangfire Server:
2018-02-02 15:58:21.2535 INFO     Worker count: 10
2018-02-02 15:58:21.2535 INFO     Listening queues: 'default'
2018-02-02 15:58:21.2535 INFO     Shutdown timeout: 00:00:15
2018-02-02 15:58:21.2535 INFO     Schedule polling interval: 00:00:15
2018-02-02 15:58:21.2895 DEBUG Background process 'BackgroundProcessingServer' started.
2018-02-02 15:58:21.5595 DEBUG Background process 'ServerHeartbeat' started.
2018-02-02 15:58:21.5695 DEBUG Background process 'ServerWatchdog' started.
2018-02-02 15:58:21.6255 INFO 1 servers were removed due to timeout
2018-02-02 15:58:21.6255 DEBUG Background process 'Hangfire.SqlServer.ExpirationManager' started.
2018-02-02 15:58:21.6275 DEBUG Removing outdated records from the 'AggregatedCounter' table...
2018-02-02 15:58:21.6605 DEBUG Background process 'Hangfire.SqlServer.CountersAggregator' started.
2018-02-02 15:58:21.6605 DEBUG Aggregating records in 'Counter' table...
2018-02-02 15:58:21.7085 DEBUG Background process 'Worker #121f0356' started.
2018-02-02 15:58:21.7535 DEBUG Background process 'Worker #40a48557' started.
2018-02-02 15:58:21.8526 DEBUG Background process 'Worker #b2095468' started.
2018-02-02 15:58:21.8836 DEBUG Background process 'Worker #c0ffb2da' started.
2018-02-02 15:58:21.9136 DEBUG Removing outdated records from the 'Job' table...
2018-02-02 15:58:21.9586 DEBUG Background process 'Worker #0fc18445' started.
2018-02-02 15:58:21.9966 DEBUG Background process 'Worker #9b2382b8' started.
2018-02-02 15:58:22.0676 DEBUG Background process 'Worker #99428d0d' started.
2018-02-02 15:58:22.0676 DEBUG Removing outdated records from the 'List' table...
2018-02-02 15:58:22.1006 DEBUG Background process 'Worker #a8984ff2' started.
2018-02-02 15:58:22.1686 DEBUG Background process 'Worker #d8fd4e76' started.
2018-02-02 15:58:22.2486 DEBUG Removing outdated records from the 'Set' table...
2018-02-02 15:58:22.2486 DEBUG Background process 'Worker #bcd7b3fa' started.
2018-02-02 15:58:22.3196 DEBUG Background process 'DelayedJobScheduler' started.
2018-02-02 15:58:22.3416 DEBUG Background process 'RecurringJobScheduler' started.
2018-02-02 15:58:22.3716 DEBUG Removing outdated records from the 'Hash' table...
2018-02-02 16:03:21.8457 DEBUG Aggregating records in 'Counter' table...
2018-02-02 16:08:22.0969 DEBUG Aggregating records in 'Counter' table...
2018-02-02 16:13:22.2741 DEBUG Aggregating records in 'Counter' table...
2018-02-02 16:18:22.5122 DEBUG Aggregating records in 'Counter' table...
2018-02-02 16:23:22.8264 DEBUG Aggregating records in 'Counter' table...
2018-02-02 16:28:22.4275 DEBUG Removing outdated records from the 'AggregatedCounter' table...
2018-02-02 16:28:22.4565 DEBUG Removing outdated records from the 'Job' table...
2018-02-02 16:28:22.4885 DEBUG Removing outdated records from the 'List' table...
2018-02-02 16:28:22.5195 DEBUG Removing outdated records from the 'Set' table...
2018-02-02 16:28:22.5555 DEBUG Removing outdated records from the 'Hash' table...
2018-02-02 16:28:23.1266 DEBUG Aggregating records in 'Counter' table...
2018-02-02 16:33:23.4068 DEBUG Aggregating records in 'Counter' table...
2018-02-02 16:33:31.2222 DEBUG Background process 'ServerWatchdog' stopped.
2018-02-02 16:33:31.2222 DEBUG Background process 'DelayedJobScheduler' stopped.
2018-02-02 16:33:31.2222 DEBUG Background process 'Hangfire.SqlServer.ExpirationManager' stopped.
2018-02-02 16:33:31.2222 DEBUG Background process 'ServerHeartbeat' stopped.
2018-02-02 16:33:31.2222 DEBUG Background process 'Hangfire.SqlServer.CountersAggregator' stopped.
2018-02-02 16:33:31.5732 DEBUG Background process 'Worker #c0ffb2da' stopped.
2018-02-02 16:33:31.6462 DEBUG Background process 'Worker #121f0356' stopped.
2018-02-02 16:33:31.6462 DEBUG Background process 'Worker #d8fd4e76' stopped.
2018-02-02 16:33:31.6462 DEBUG Background process 'Worker #0fc18445' stopped.
2018-02-02 16:33:31.6462 DEBUG Background process 'Worker #99428d0d' stopped.
2018-02-02 16:33:31.6752 DEBUG Background process 'RecurringJobScheduler' stopped.
2018-02-02 16:33:31.6752 DEBUG Background process 'Worker #a8984ff2' stopped.
2018-02-02 16:33:31.6752 DEBUG Background process 'Worker #9b2382b8' stopped.
2018-02-02 16:33:31.6752 DEBUG Background process 'Worker #b2095468' stopped.
2018-02-02 16:33:31.6752 DEBUG Background process 'Worker #40a48557' stopped.
2018-02-02 16:33:31.6752 DEBUG Background process 'Worker #bcd7b3fa' stopped.
2018-02-02 16:33:31.7472 DEBUG Background process 'BackgroundProcessingServer' stopped.
2018-02-02 16:33:31.7472 INFO Hangfire Server stopped.
2018-02-02 16:33:39.7187 INFO Start installing Hangfire SQL objects...
2018-02-02 16:33:39.9817 INFO Hangfire SQL objects installed.
2018-02-02 16:33:40.0367 INFO Starting Hangfire Server
2018-02-02 16:33:40.0367 INFO Using job storage: 'SQL Server: .\SQLEXPRESS@HoneyConnection'
2018-02-02 16:33:40.0367 INFO Using the following options for SQL Server job storage:
2018-02-02 16:33:40.0367 INFO     Queue poll interval: 00:00:15.
2018-02-02 16:33:40.0367 INFO Using the following options for Hangfire Server:
2018-02-02 16:33:40.0437 INFO     Worker count: 10
2018-02-02 16:33:40.0437 INFO     Listening queues: 'default'
2018-02-02 16:33:40.0437 INFO     Shutdown timeout: 00:00:15
2018-02-02 16:33:40.0437 INFO     Schedule polling interval: 00:00:15
2018-02-02 16:33:40.0927 DEBUG Background process 'BackgroundProcessingServer' started.
2018-02-02 16:33:40.4307 DEBUG Background process 'ServerHeartbeat' started.
2018-02-02 16:33:40.4547 DEBUG Background process 'ServerWatchdog' started.
2018-02-02 16:33:40.4837 DEBUG Background process 'Hangfire.SqlServer.ExpirationManager' started.
2018-02-02 16:33:40.5167 DEBUG Background process 'Hangfire.SqlServer.CountersAggregator' started.
2018-02-02 16:33:40.5167 DEBUG Removing outdated records from the 'AggregatedCounter' table...
2018-02-02 16:33:40.5407 DEBUG Aggregating records in 'Counter' table...
2018-02-02 16:33:40.5407 DEBUG Background process 'Worker #edd39ecb' started.
2018-02-02 16:33:40.5947 DEBUG Background process 'Worker #399bb378' started.
2018-02-02 16:33:40.5947 DEBUG Background process 'Worker #c0bd076a' started.
2018-02-02 16:33:40.6397 DEBUG Background process 'Worker #fe11f2ab' started.
2018-02-02 16:33:40.6767 DEBUG Background process 'Worker #cb732a55' started.
2018-02-02 16:33:40.7137 DEBUG Background process 'Worker #dc3f0074' started.
2018-02-02 16:33:40.7617 DEBUG Background process 'Worker #9f7d79b3' started.
2018-02-02 16:33:40.7837 DEBUG Background process 'Worker #e5b7e41f' started.
2018-02-02 16:33:40.8558 DEBUG Background process 'Worker #7fb3d8ea' started.
2018-02-02 16:33:40.8558 DEBUG Removing outdated records from the 'Job' table...
2018-02-02 16:33:40.9068 DEBUG Background process 'Worker #6c5dcbfa' started.
2018-02-02 16:33:40.9698 DEBUG Background process 'DelayedJobScheduler' started.
2018-02-02 16:33:41.0418 DEBUG Background process 'RecurringJobScheduler' started.
2018-02-02 16:33:41.0688 DEBUG Removing outdated records from the 'List' table...
2018-02-02 16:33:41.1398 DEBUG Removing outdated records from the 'Set' table...
2018-02-02 16:33:41.1698 DEBUG Removing outdated records from the 'Hash' table...
2018-02-02 16:38:40.9029 DEBUG Aggregating records in 'Counter' table...
2018-02-02 16:43:41.1021 DEBUG Aggregating records in 'Counter' table...
2018-02-02 16:48:41.2733 DEBUG Aggregating records in 'Counter' table...
2018-02-02 16:49:19.7735 DEBUG Background process 'ServerWatchdog' stopped.
2018-02-02 16:49:19.7735 DEBUG Background process 'DelayedJobScheduler' stopped.
2018-02-02 16:49:19.7785 DEBUG Background process 'ServerHeartbeat' stopped.
2018-02-02 16:49:19.7735 DEBUG Background process 'Hangfire.SqlServer.ExpirationManager' stopped.
2018-02-02 16:49:19.7785 DEBUG Background process 'Hangfire.SqlServer.CountersAggregator' stopped.
2018-02-02 16:49:20.1695 DEBUG Background process 'Worker #edd39ecb' stopped.
2018-02-02 16:49:20.1695 DEBUG Background process 'Worker #399bb378' stopped.
2018-02-02 16:49:20.1975 DEBUG Background process 'Worker #c0bd076a' stopped.
2018-02-02 16:49:20.1975 DEBUG Background process 'Worker #6c5dcbfa' stopped.
2018-02-02 16:49:20.1995 DEBUG Background process 'RecurringJobScheduler' stopped.
2018-02-02 16:49:20.1975 DEBUG Background process 'Worker #7fb3d8ea' stopped.
2018-02-02 16:49:20.1995 DEBUG Background process 'Worker #dc3f0074' stopped.
2018-02-02 16:49:20.1975 DEBUG Background process 'Worker #cb732a55' stopped.
2018-02-02 16:49:20.1975 DEBUG Background process 'Worker #e5b7e41f' stopped.
2018-02-02 16:49:20.1995 DEBUG Background process 'Worker #9f7d79b3' stopped.
2018-02-02 16:49:20.1995 DEBUG Background process 'Worker #fe11f2ab' stopped.
2018-02-02 16:49:20.3235 DEBUG Background process 'BackgroundProcessingServer' stopped.
2018-02-02 16:49:20.3235 INFO Hangfire Server stopped.
2018-02-02 16:49:26.6518 INFO Start installing Hangfire SQL objects...
2018-02-02 16:49:26.8619 INFO Hangfire SQL objects installed.
2018-02-02 16:49:26.9119 INFO Starting Hangfire Server
2018-02-02 16:49:26.9119 INFO Using job storage: 'SQL Server: .\SQLEXPRESS@HoneyConnection'
2018-02-02 16:49:26.9119 INFO Using the following options for SQL Server job storage:
2018-02-02 16:49:26.9119 INFO     Queue poll interval: 00:00:15.
2018-02-02 16:49:26.9119 INFO Using the following options for Hangfire Server:
2018-02-02 16:49:26.9119 INFO     Worker count: 10
2018-02-02 16:49:26.9119 INFO     Listening queues: 'default'
2018-02-02 16:49:26.9119 INFO     Shutdown timeout: 00:00:15
2018-02-02 16:49:26.9119 INFO     Schedule polling interval: 00:00:15
2018-02-02 16:49:26.9589 DEBUG Background process 'BackgroundProcessingServer' started.
2018-02-02 16:49:27.3439 DEBUG Background process 'ServerHeartbeat' started.
2018-02-02 16:49:27.3999 DEBUG Background process 'ServerWatchdog' started.
2018-02-02 16:49:27.4089 DEBUG Background process 'Hangfire.SqlServer.ExpirationManager' started.
2018-02-02 16:49:27.4469 DEBUG Removing outdated records from the 'AggregatedCounter' table...
2018-02-02 16:49:27.4469 DEBUG Background process 'Hangfire.SqlServer.CountersAggregator' started.
2018-02-02 16:49:27.4739 DEBUG Aggregating records in 'Counter' table...
2018-02-02 16:49:27.4739 DEBUG Background process 'Worker #62fc1d8e' started.
2018-02-02 16:49:27.4989 DEBUG Background process 'Worker #52b30283' started.
2018-02-02 16:49:27.5449 DEBUG Background process 'Worker #e983bd69' started.
2018-02-02 16:49:27.5959 DEBUG Background process 'Worker #94c8bf8d' started.
2018-02-02 16:49:27.6489 DEBUG Background process 'Worker #3d18fb7d' started.
2018-02-02 16:49:27.7379 DEBUG Background process 'Worker #87222525' started.
2018-02-02 16:49:27.7379 DEBUG Removing outdated records from the 'Job' table...
2018-02-02 16:49:27.8379 DEBUG Background process 'Worker #94f05450' started.
2018-02-02 16:49:27.8469 DEBUG Background process 'Worker #beee394c' started.
2018-02-02 16:49:27.9559 DEBUG Background process 'Worker #eaf0cac5' started.
2018-02-02 16:49:28.0079 DEBUG Background process 'Worker #57cae2d5' started.
2018-02-02 16:49:28.0949 DEBUG Background process 'DelayedJobScheduler' started.
2018-02-02 16:49:28.0949 DEBUG Removing outdated records from the 'List' table...
2018-02-02 16:49:28.1499 DEBUG Background process 'RecurringJobScheduler' started.
2018-02-02 16:49:28.2189 DEBUG Removing outdated records from the 'Set' table...
2018-02-02 16:49:28.2949 DEBUG Removing outdated records from the 'Hash' table...
2018-02-02 16:54:27.9051 DEBUG Aggregating records in 'Counter' table...
2018-02-02 16:59:28.1733 DEBUG Aggregating records in 'Counter' table...
2018-02-02 17:04:28.3874 DEBUG Aggregating records in 'Counter' table...
2018-02-02 17:09:28.5346 DEBUG Aggregating records in 'Counter' table...
2018-02-02 17:14:28.7138 DEBUG Aggregating records in 'Counter' table...
2018-02-02 17:19:28.4259 DEBUG Removing outdated records from the 'AggregatedCounter' table...
2018-02-02 17:19:28.4599 DEBUG Removing outdated records from the 'Job' table...
2018-02-02 17:19:28.4969 DEBUG Removing outdated records from the 'List' table...
2018-02-02 17:19:28.5419 DEBUG Removing outdated records from the 'Set' table...
2018-02-02 17:19:28.5689 DEBUG Removing outdated records from the 'Hash' table...
2018-02-02 17:19:28.9189 DEBUG Aggregating records in 'Counter' table...
2018-02-02 17:24:29.1481 DEBUG Aggregating records in 'Counter' table...
2018-02-02 17:29:29.3303 DEBUG Aggregating records in 'Counter' table...
2018-02-02 17:34:29.5394 DEBUG Aggregating records in 'Counter' table...
2018-02-02 17:39:29.7406 DEBUG Aggregating records in 'Counter' table...
2018-02-02 17:44:29.8568 DEBUG Aggregating records in 'Counter' table...
2018-02-02 17:49:28.6069 DEBUG Removing outdated records from the 'AggregatedCounter' table...
2018-02-02 17:49:28.6519 DEBUG Removing outdated records from the 'Job' table...
2018-02-02 17:49:28.6919 DEBUG Removing outdated records from the 'List' table...
2018-02-02 17:49:28.7329 DEBUG Removing outdated records from the 'Set' table...
2018-02-02 17:49:28.7669 DEBUG Removing outdated records from the 'Hash' table...
2018-02-02 17:49:30.0029 DEBUG Aggregating records in 'Counter' table...
2018-02-02 17:54:30.1781 DEBUG Aggregating records in 'Counter' table...
2018-02-02 17:59:30.3773 DEBUG Aggregating records in 'Counter' table...
2018-02-02 18:04:30.5595 DEBUG Aggregating records in 'Counter' table...
2018-02-02 18:09:30.7586 DEBUG Aggregating records in 'Counter' table...
2018-02-02 18:14:30.9508 DEBUG Aggregating records in 'Counter' table...
2018-02-02 18:19:28.8168 DEBUG Removing outdated records from the 'AggregatedCounter' table...
2018-02-02 18:19:28.8458 DEBUG Removing outdated records from the 'Job' table...
2018-02-02 18:19:28.8758 DEBUG Removing outdated records from the 'List' table...
2018-02-02 18:19:28.9098 DEBUG Removing outdated records from the 'Set' table...
2018-02-02 18:19:28.9408 DEBUG Removing outdated records from the 'Hash' table...
2018-02-02 18:19:31.1670 DEBUG Aggregating records in 'Counter' table...
2018-02-02 18:24:31.3381 DEBUG Aggregating records in 'Counter' table...
2018-02-02 18:29:31.5703 DEBUG Aggregating records in 'Counter' table...
2018-02-02 18:37:48.5490 DEBUG Aggregating records in 'Counter' table...
2018-02-02 18:42:56.3616 DEBUG Aggregating records in 'Counter' table...
2018-02-02 18:47:56.7257 DEBUG Aggregating records in 'Counter' table...
2018-02-02 18:49:28.9770 DEBUG Removing outdated records from the 'AggregatedCounter' table...
2018-02-02 18:49:29.0220 DEBUG Removing outdated records from the 'Job' table...
2018-02-02 18:49:29.0560 DEBUG Removing outdated records from the 'List' table...
2018-02-02 18:49:29.0870 DEBUG Removing outdated records from the 'Set' table...
2018-02-02 18:49:29.1230 DEBUG Removing outdated records from the 'Hash' table...
2018-02-02 18:52:56.9549 DEBUG Aggregating records in 'Counter' table...
2018-02-02 18:57:57.1341 DEBUG Aggregating records in 'Counter' table...
2018-02-02 19:02:57.3162 DEBUG Aggregating records in 'Counter' table...
2018-02-02 19:07:57.4784 DEBUG Aggregating records in 'Counter' table...
2018-02-02 19:12:57.6616 DEBUG Aggregating records in 'Counter' table...
2018-02-02 19:17:57.8858 DEBUG Aggregating records in 'Counter' table...
2018-02-02 19:19:29.1690 DEBUG Removing outdated records from the 'AggregatedCounter' table...
2018-02-02 19:19:29.2030 DEBUG Removing outdated records from the 'Job' table...
2018-02-02 19:19:29.2440 DEBUG Removing outdated records from the 'List' table...
2018-02-02 19:19:29.2770 DEBUG Removing outdated records from the 'Set' table...
2018-02-02 19:19:29.3140 DEBUG Removing outdated records from the 'Hash' table...
2018-02-02 19:22:58.1189 DEBUG Aggregating records in 'Counter' table...
2018-02-02 19:27:58.2921 DEBUG Aggregating records in 'Counter' table...
2018-02-02 19:32:58.5853 DEBUG Aggregating records in 'Counter' table...
2018-02-02 19:37:58.9595 DEBUG Aggregating records in 'Counter' table...
2018-02-02 19:42:59.2426 DEBUG Aggregating records in 'Counter' table...
2018-02-02 19:47:59.5578 DEBUG Aggregating records in 'Counter' table...
2018-02-02 19:49:29.3529 DEBUG Removing outdated records from the 'AggregatedCounter' table...
2018-02-02 19:49:29.3909 DEBUG Removing outdated records from the 'Job' table...
2018-02-02 19:49:29.4329 DEBUG Removing outdated records from the 'List' table...
2018-02-02 19:49:29.4890 DEBUG Removing outdated records from the 'Set' table...
2018-02-02 19:49:29.5460 DEBUG Removing outdated records from the 'Hash' table...
2018-02-02 19:52:59.8400 DEBUG Aggregating records in 'Counter' table...
2018-02-02 19:58:00.1132 DEBUG Aggregating records in 'Counter' table...
2018-02-02 20:03:00.3803 DEBUG Aggregating records in 'Counter' table...
2018-02-02 20:08:00.6425 DEBUG Aggregating records in 'Counter' table...
2018-02-02 20:13:01.0607 DEBUG Aggregating records in 'Counter' table...
2018-02-02 20:18:01.3059 DEBUG Aggregating records in 'Counter' table...
2018-02-02 20:19:29.5959 DEBUG Removing outdated records from the 'AggregatedCounter' table...
2018-02-02 20:19:29.6459 DEBUG Removing outdated records from the 'Job' table...
2018-02-02 20:19:29.6849 DEBUG Removing outdated records from the 'List' table...
2018-02-02 20:19:29.7189 DEBUG Removing outdated records from the 'Set' table...
2018-02-02 20:19:29.7579 DEBUG Removing outdated records from the 'Hash' table...
2018-02-02 20:23:01.5440 DEBUG Aggregating records in 'Counter' table...
2018-02-02 20:28:01.8512 DEBUG Aggregating records in 'Counter' table...
2018-02-02 20:33:02.1414 DEBUG Aggregating records in 'Counter' table...
2018-02-02 20:38:02.3536 DEBUG Aggregating records in 'Counter' table...
2018-02-02 20:43:02.5737 DEBUG Aggregating records in 'Counter' table...
2018-02-02 20:48:02.6969 DEBUG Aggregating records in 'Counter' table...
2018-02-02 20:49:29.8009 DEBUG Removing outdated records from the 'AggregatedCounter' table...
2018-02-02 20:49:29.8359 DEBUG Removing outdated records from the 'Job' table...
2018-02-02 20:49:29.9299 DEBUG Removing outdated records from the 'List' table...
2018-02-02 20:49:29.9639 DEBUG Removing outdated records from the 'Set' table...
2018-02-02 20:49:29.9979 DEBUG Removing outdated records from the 'Hash' table...
2018-02-02 20:53:02.7981 DEBUG Aggregating records in 'Counter' table...
2018-02-02 20:58:02.9900 DEBUG Aggregating records in 'Counter' table...
2018-02-02 21:15:57.1395 INFO Start installing Hangfire SQL objects...
2018-02-02 21:15:57.4135 INFO Hangfire SQL objects installed.
2018-02-02 21:15:57.4585 INFO Starting Hangfire Server
2018-02-02 21:15:57.4625 INFO Using job storage: 'SQL Server: .\SQLEXPRESS@HoneyConnection'
2018-02-02 21:15:57.4625 INFO Using the following options for SQL Server job storage:
2018-02-02 21:15:57.4625 INFO     Queue poll interval: 00:00:15.
2018-02-02 21:15:57.4625 INFO Using the following options for Hangfire Server:
2018-02-02 21:15:57.4625 INFO     Worker count: 10
2018-02-02 21:15:57.4625 INFO     Listening queues: 'default'
2018-02-02 21:15:57.4625 INFO     Shutdown timeout: 00:00:15
2018-02-02 21:15:57.4625 INFO     Schedule polling interval: 00:00:15
2018-02-02 21:15:57.5025 DEBUG Background process 'BackgroundProcessingServer' started.
2018-02-02 21:15:57.8385 DEBUG Background process 'ServerHeartbeat' started.
2018-02-02 21:15:57.8715 DEBUG Background process 'ServerWatchdog' started.
2018-02-02 21:15:57.8865 DEBUG Background process 'Hangfire.SqlServer.ExpirationManager' started.
2018-02-02 21:15:57.8865 DEBUG Removing outdated records from the 'AggregatedCounter' table...
2018-02-02 21:15:57.9615 DEBUG Background process 'Worker #b784ee10' started.
2018-02-02 21:15:57.9615 DEBUG Background process 'Hangfire.SqlServer.CountersAggregator' started.
2018-02-02 21:15:57.9885 DEBUG Aggregating records in 'Counter' table...
2018-02-02 21:15:58.0215 DEBUG Background process 'Worker #bf590fc7' started.
2018-02-02 21:15:58.0365 DEBUG Background process 'Worker #31c28c10' started.
2018-02-02 21:15:58.0365 INFO 1 servers were removed due to timeout
2018-02-02 21:15:58.0795 DEBUG Background process 'Worker #774ad9a2' started.
2018-02-02 21:15:58.1565 DEBUG Background process 'Worker #b0317137' started.
2018-02-02 21:15:58.1705 DEBUG Background process 'Worker #a2894568' started.
2018-02-02 21:15:58.1705 DEBUG Removing outdated records from the 'Job' table...
2018-02-02 21:15:58.2715 DEBUG Background process 'Worker #80c04d47' started.
2018-02-02 21:15:58.3355 DEBUG Background process 'Worker #a1260849' started.
2018-02-02 21:15:58.3845 DEBUG Background process 'Worker #1e87c224' started.
2018-02-02 21:15:58.4145 DEBUG Background process 'Worker #0fdeeba2' started.
2018-02-02 21:15:58.4536 DEBUG Background process 'DelayedJobScheduler' started.
2018-02-02 21:15:58.4956 DEBUG Background process 'RecurringJobScheduler' started.
2018-02-02 21:15:58.5206 DEBUG Removing outdated records from the 'List' table...
2018-02-02 21:15:58.6086 DEBUG Removing outdated records from the 'Set' table...
2018-02-02 21:15:58.6466 DEBUG Removing outdated records from the 'Hash' table...
2018-02-02 21:20:58.3447 DEBUG Aggregating records in 'Counter' table...
2018-02-02 21:25:58.7929 DEBUG Aggregating records in 'Counter' table...
2018-02-02 21:30:59.0221 DEBUG Aggregating records in 'Counter' table...
2018-02-02 21:35:59.1792 DEBUG Aggregating records in 'Counter' table...
2018-02-02 21:40:59.3964 DEBUG Aggregating records in 'Counter' table...
2018-02-02 21:45:58.6935 DEBUG Removing outdated records from the 'AggregatedCounter' table...
2018-02-02 21:45:58.7325 DEBUG Removing outdated records from the 'Job' table...
2018-02-02 21:45:58.7675 DEBUG Removing outdated records from the 'List' table...
2018-02-02 21:45:58.8055 DEBUG Removing outdated records from the 'Set' table...
2018-02-02 21:45:58.8405 DEBUG Removing outdated records from the 'Hash' table...
2018-02-02 21:45:59.6436 DEBUG Aggregating records in 'Counter' table...
2018-02-02 21:50:59.8507 DEBUG Aggregating records in 'Counter' table...
2018-02-02 21:56:00.0189 DEBUG Aggregating records in 'Counter' table...
2018-02-02 22:01:00.1741 DEBUG Aggregating records in 'Counter' table...
2018-02-02 22:06:00.3903 DEBUG Aggregating records in 'Counter' table...
2018-02-02 22:11:00.6814 DEBUG Aggregating records in 'Counter' table...
2018-02-02 22:15:58.9305 DEBUG Removing outdated records from the 'AggregatedCounter' table...
2018-02-02 22:15:59.0095 DEBUG Removing outdated records from the 'Job' table...
2018-02-02 22:15:59.0665 DEBUG Removing outdated records from the 'List' table...
2018-02-02 22:15:59.1195 DEBUG Removing outdated records from the 'Set' table...
2018-02-02 22:15:59.1765 DEBUG Removing outdated records from the 'Hash' table...
2018-02-02 22:16:00.9096 DEBUG Aggregating records in 'Counter' table...
2018-02-02 22:21:01.1418 DEBUG Aggregating records in 'Counter' table...
2018-02-02 22:26:01.3809 DEBUG Aggregating records in 'Counter' table...
2018-02-02 22:31:01.5871 DEBUG Aggregating records in 'Counter' table...
2018-02-02 22:36:01.7683 DEBUG Aggregating records in 'Counter' table...
2018-02-02 22:41:01.9655 DEBUG Aggregating records in 'Counter' table...
2018-02-02 22:45:59.2675 DEBUG Removing outdated records from the 'AggregatedCounter' table...
2018-02-02 22:45:59.3555 DEBUG Removing outdated records from the 'Job' table...
2018-02-02 22:45:59.4015 DEBUG Removing outdated records from the 'List' table...
2018-02-02 22:45:59.4375 DEBUG Removing outdated records from the 'Set' table...
2018-02-02 22:45:59.5275 DEBUG Removing outdated records from the 'Hash' table...
2018-02-02 22:46:02.2336 DEBUG Aggregating records in 'Counter' table...
2018-02-02 22:51:02.5228 DEBUG Aggregating records in 'Counter' table...
2018-02-02 22:56:02.7400 DEBUG Aggregating records in 'Counter' table...
2018-02-02 23:01:02.8471 DEBUG Aggregating records in 'Counter' table...
2018-02-02 23:06:02.9603 DEBUG Aggregating records in 'Counter' table...
2018-02-02 23:11:03.0785 DEBUG Aggregating records in 'Counter' table...
2018-02-02 23:15:59.5814 DEBUG Removing outdated records from the 'AggregatedCounter' table...
2018-02-02 23:15:59.6354 DEBUG Removing outdated records from the 'Job' table...
2018-02-02 23:15:59.6894 DEBUG Removing outdated records from the 'List' table...
2018-02-02 23:15:59.7164 DEBUG Removing outdated records from the 'Set' table...
2018-02-02 23:15:59.7524 DEBUG Removing outdated records from the 'Hash' table...
2018-02-02 23:16:03.1936 DEBUG Aggregating records in 'Counter' table...
2018-02-02 23:21:03.2958 DEBUG Aggregating records in 'Counter' table...
2018-02-02 23:26:03.7010 DEBUG Aggregating records in 'Counter' table...
2018-02-02 23:31:03.9772 DEBUG Aggregating records in 'Counter' table...
2018-02-02 23:36:04.1683 DEBUG Aggregating records in 'Counter' table...
2018-02-02 23:41:04.3215 DEBUG Aggregating records in 'Counter' table...
2018-02-02 23:45:59.7924 DEBUG Removing outdated records from the 'AggregatedCounter' table...
2018-02-02 23:45:59.8404 DEBUG Removing outdated records from the 'Job' table...
2018-02-02 23:45:59.8694 DEBUG Removing outdated records from the 'List' table...
2018-02-02 23:45:59.9084 DEBUG Removing outdated records from the 'Set' table...
2018-02-02 23:45:59.9414 DEBUG Removing outdated records from the 'Hash' table...
2018-02-02 23:46:04.8777 DEBUG Aggregating records in 'Counter' table...
