2018-01-29 13:33:54.0706 INFO Start installing Hangfire SQL objects...
2018-01-29 13:33:55.3686 INFO Hangfire SQL objects installed.
2018-01-29 13:33:55.4626 INFO Starting Hangfire Server
2018-01-29 13:33:55.4626 INFO Using job storage: 'SQL Server: .\SQLEXPRESS@HoneyConnection'
2018-01-29 13:33:55.4736 INFO Using the following options for SQL Server job storage:
2018-01-29 13:33:55.4736 INFO     Queue poll interval: 00:00:15.
2018-01-29 13:33:55.4736 INFO Using the following options for Hangfire Server:
2018-01-29 13:33:55.4736 INFO     Worker count: 10
2018-01-29 13:33:55.4736 INFO     Listening queues: 'default'
2018-01-29 13:33:55.4736 INFO     Shutdown timeout: 00:00:15
2018-01-29 13:33:55.4736 INFO     Schedule polling interval: 00:00:15
2018-01-29 13:33:55.5796 DEBUG Background process 'BackgroundProcessingServer' started.
2018-01-29 13:33:56.3787 DEBUG Background process 'ServerHeartbeat' started.
2018-01-29 13:33:56.4227 DEBUG Background process 'ServerWatchdog' started.
2018-01-29 13:33:56.4677 DEBUG Background process 'Hangfire.SqlServer.ExpirationManager' started.
2018-01-29 13:33:56.4737 DEBUG Removing outdated records from the 'AggregatedCounter' table...
2018-01-29 13:33:56.5177 DEBUG Background process 'Hangfire.SqlServer.CountersAggregator' started.
2018-01-29 13:33:56.5217 DEBUG Aggregating records in 'Counter' table...
2018-01-29 13:33:56.6797 DEBUG Background process 'Worker #afeccea1' started.
2018-01-29 13:33:56.7327 INFO 1 servers were removed due to timeout
2018-01-29 13:33:56.7397 DEBUG Background process 'Worker #4fb20940' started.
2018-01-29 13:33:56.7927 DEBUG Background process 'Worker #d7bde6ba' started.
2018-01-29 13:33:56.8047 DEBUG Background process 'Worker #40bcea82' started.
2018-01-29 13:33:56.8317 DEBUG Background process 'Worker #3b2c69bb' started.
2018-01-29 13:33:56.9807 DEBUG Background process 'Worker #36fbca29' started.
2018-01-29 13:33:57.0247 DEBUG Background process 'Worker #775e2fb7' started.
2018-01-29 13:33:57.1097 DEBUG Background process 'Worker #db47d1e2' started.
2018-01-29 13:33:57.1847 DEBUG Background process 'Worker #4ecb9f45' started.
2018-01-29 13:33:57.2457 DEBUG Removing outdated records from the 'Job' table...
2018-01-29 13:33:57.4297 DEBUG Background process 'DelayedJobScheduler' started.
2018-01-29 13:33:57.4297 DEBUG Background process 'Worker #d9cbcfd8' started.
2018-01-29 13:33:57.5898 DEBUG Background process 'RecurringJobScheduler' started.
2018-01-29 13:33:57.6468 DEBUG Removing outdated records from the 'List' table...
2018-01-29 13:33:57.8188 DEBUG Removing outdated records from the 'Set' table...
2018-01-29 13:33:57.9098 DEBUG Removing outdated records from the 'Hash' table...
2018-01-29 13:43:42.2112 INFO Start installing Hangfire SQL objects...
2018-01-29 13:43:42.5562 INFO Hangfire SQL objects installed.
2018-01-29 13:43:42.6482 INFO Starting Hangfire Server
2018-01-29 13:43:42.6482 INFO Using job storage: 'SQL Server: .\SQLEXPRESS@HoneyConnection'
2018-01-29 13:43:42.6482 INFO Using the following options for SQL Server job storage:
2018-01-29 13:43:42.6482 INFO     Queue poll interval: 00:00:15.
2018-01-29 13:43:42.6612 INFO Using the following options for Hangfire Server:
2018-01-29 13:43:42.6612 INFO     Worker count: 10
2018-01-29 13:43:42.6612 INFO     Listening queues: 'default'
2018-01-29 13:43:42.6612 INFO     Shutdown timeout: 00:00:15
2018-01-29 13:43:42.6612 INFO     Schedule polling interval: 00:00:15
2018-01-29 13:43:42.7512 DEBUG Background process 'BackgroundProcessingServer' started.
2018-01-29 13:43:43.3963 DEBUG Background process 'ServerHeartbeat' started.
2018-01-29 13:43:43.4113 DEBUG Background process 'ServerWatchdog' started.
2018-01-29 13:43:43.5783 INFO 1 servers were removed due to timeout
2018-01-29 13:43:43.5833 DEBUG Background process 'Hangfire.SqlServer.ExpirationManager' started.
2018-01-29 13:43:43.5833 DEBUG Removing outdated records from the 'AggregatedCounter' table...
2018-01-29 13:43:43.6293 DEBUG Background process 'Hangfire.SqlServer.CountersAggregator' started.
2018-01-29 13:43:43.6293 DEBUG Aggregating records in 'Counter' table...
2018-01-29 13:43:43.8213 DEBUG Background process 'Worker #2618405b' started.
2018-01-29 13:43:43.8423 DEBUG Background process 'Worker #e73b0148' started.
2018-01-29 13:43:43.9163 DEBUG Removing outdated records from the 'Job' table...
2018-01-29 13:43:44.0233 DEBUG Background process 'Worker #219aa3a9' started.
2018-01-29 13:43:44.0983 DEBUG Background process 'Worker #14d54e9f' started.
2018-01-29 13:43:44.1803 DEBUG Background process 'Worker #48faea4b' started.
2018-01-29 13:43:44.2503 DEBUG Removing outdated records from the 'List' table...
2018-01-29 13:43:44.2633 DEBUG Background process 'Worker #2265a590' started.
2018-01-29 13:43:44.3513 DEBUG Background process 'Worker #4f369963' started.
2018-01-29 13:43:44.3963 DEBUG Background process 'Worker #c7bbcb34' started.
2018-01-29 13:43:44.4403 DEBUG Removing outdated records from the 'Set' table...
2018-01-29 13:43:44.4843 DEBUG Background process 'Worker #9dbf9de2' started.
2018-01-29 13:43:44.5393 DEBUG Background process 'Worker #3bf999e2' started.
2018-01-29 13:43:44.5873 DEBUG Removing outdated records from the 'Hash' table...
2018-01-29 13:43:44.6263 DEBUG Background process 'DelayedJobScheduler' started.
2018-01-29 13:43:44.6563 DEBUG Background process 'RecurringJobScheduler' started.
2018-01-29 13:44:45.7638 INFO 1 scheduled job(s) enqueued.
2018-01-29 13:47:03.7207 INFO 1 scheduled job(s) enqueued.
2018-01-29 13:55:27.5735 INFO Start installing Hangfire SQL objects...
2018-01-29 13:55:27.9676 INFO Hangfire SQL objects installed.
2018-01-29 13:55:28.0706 INFO Starting Hangfire Server
2018-01-29 13:55:28.0706 INFO Using job storage: 'SQL Server: .\SQLEXPRESS@HoneyConnection'
2018-01-29 13:55:28.0706 INFO Using the following options for SQL Server job storage:
2018-01-29 13:55:28.0826 INFO     Queue poll interval: 00:00:15.
2018-01-29 13:55:28.0826 INFO Using the following options for Hangfire Server:
2018-01-29 13:55:28.0826 INFO     Worker count: 10
2018-01-29 13:55:28.0826 INFO     Listening queues: 'default'
2018-01-29 13:55:28.0826 INFO     Shutdown timeout: 00:00:15
2018-01-29 13:55:28.0826 INFO     Schedule polling interval: 00:00:15
2018-01-29 13:55:28.1876 DEBUG Background process 'BackgroundProcessingServer' started.
2018-01-29 13:55:29.2156 DEBUG Background process 'ServerHeartbeat' started.
2018-01-29 13:55:29.2406 DEBUG Background process 'ServerWatchdog' started.
2018-01-29 13:55:29.2976 DEBUG Background process 'Hangfire.SqlServer.ExpirationManager' started.
2018-01-29 13:55:29.3006 DEBUG Removing outdated records from the 'AggregatedCounter' table...
2018-01-29 13:55:29.3976 DEBUG Background process 'Hangfire.SqlServer.CountersAggregator' started.
2018-01-29 13:55:29.3976 DEBUG Aggregating records in 'Counter' table...
2018-01-29 13:55:29.4836 INFO 1 servers were removed due to timeout
2018-01-29 13:55:29.5156 DEBUG Background process 'Worker #f4e2b995' started.
2018-01-29 13:55:29.5386 DEBUG Background process 'Worker #d057b4b1' started.
2018-01-29 13:55:29.5386 DEBUG Removing outdated records from the 'Job' table...
2018-01-29 13:55:29.7797 DEBUG Background process 'Worker #3874ab68' started.
2018-01-29 13:55:29.8507 DEBUG Background process 'Worker #96af93a6' started.
2018-01-29 13:55:29.9237 DEBUG Background process 'Worker #45279f81' started.
2018-01-29 13:55:29.9627 DEBUG Removing outdated records from the 'List' table...
2018-01-29 13:55:30.0787 DEBUG Background process 'Worker #003fef4c' started.
2018-01-29 13:55:30.1177 DEBUG Background process 'Worker #38c0beb7' started.
2018-01-29 13:55:30.3967 DEBUG Background process 'Worker #9bcf934b' started.
2018-01-29 13:55:30.6577 DEBUG Background process 'Worker #fa6123f2' started.
2018-01-29 13:55:30.7337 DEBUG Removing outdated records from the 'Set' table...
2018-01-29 13:55:30.7587 DEBUG Background process 'Worker #82249b43' started.
2018-01-29 13:55:30.8157 DEBUG Background process 'DelayedJobScheduler' started.
2018-01-29 13:55:30.9767 DEBUG Background process 'RecurringJobScheduler' started.
2018-01-29 13:55:31.0957 DEBUG Removing outdated records from the 'Hash' table...
2018-01-29 15:43:57.5109 INFO Start installing Hangfire SQL objects...
2018-01-29 15:43:57.9009 INFO Hangfire SQL objects installed.
2018-01-29 15:43:57.9759 INFO Starting Hangfire Server
2018-01-29 15:43:58.0019 INFO Using job storage: 'SQL Server: .\SQLEXPRESS@HoneyConnection'
2018-01-29 15:43:58.0049 INFO Using the following options for SQL Server job storage:
2018-01-29 15:43:58.0049 INFO     Queue poll interval: 00:00:15.
2018-01-29 15:43:58.0049 INFO Using the following options for Hangfire Server:
2018-01-29 15:43:58.0049 INFO     Worker count: 10
2018-01-29 15:43:58.0229 INFO     Listening queues: 'default'
2018-01-29 15:43:58.0229 INFO     Shutdown timeout: 00:00:15
2018-01-29 15:43:58.0229 INFO     Schedule polling interval: 00:00:15
2018-01-29 15:43:58.1799 DEBUG Background process 'BackgroundProcessingServer' started.
2018-01-29 15:43:58.9300 DEBUG Background process 'ServerHeartbeat' started.
2018-01-29 15:43:59.0740 DEBUG Background process 'ServerWatchdog' started.
2018-01-29 15:43:59.1240 DEBUG Background process 'Hangfire.SqlServer.ExpirationManager' started.
2018-01-29 15:43:59.1290 DEBUG Removing outdated records from the 'AggregatedCounter' table...
2018-01-29 15:43:59.1580 INFO 1 servers were removed due to timeout
2018-01-29 15:43:59.2250 DEBUG Background process 'Hangfire.SqlServer.CountersAggregator' started.
2018-01-29 15:43:59.2250 DEBUG Aggregating records in 'Counter' table...
2018-01-29 15:43:59.2840 DEBUG Background process 'Worker #bf5a8736' started.
2018-01-29 15:43:59.3480 DEBUG Background process 'Worker #41128edf' started.
2018-01-29 15:43:59.6200 DEBUG Background process 'Worker #bc752136' started.
2018-01-29 15:43:59.6400 DEBUG Removing outdated records from the 'Job' table...
2018-01-29 15:43:59.7540 DEBUG Background process 'Worker #63b543f7' started.
2018-01-29 15:43:59.8630 DEBUG Background process 'Worker #a962a73d' started.
2018-01-29 15:43:59.9510 DEBUG Background process 'Worker #d8b26eee' started.
2018-01-29 15:43:59.9670 DEBUG Removing outdated records from the 'List' table...
2018-01-29 15:44:00.0760 DEBUG Background process 'Worker #6b511622' started.
2018-01-29 15:44:00.1600 DEBUG Background process 'Worker #d34682a4' started.
2018-01-29 15:44:00.3050 DEBUG Removing outdated records from the 'Set' table...
2018-01-29 15:44:00.3240 DEBUG Background process 'Worker #b31d192f' started.
2018-01-29 15:44:00.4361 DEBUG Background process 'Worker #dfb40e3d' started.
2018-01-29 15:44:00.5071 DEBUG Background process 'DelayedJobScheduler' started.
2018-01-29 15:44:00.5071 DEBUG Background process 'RecurringJobScheduler' started.
2018-01-29 15:44:00.6831 DEBUG Removing outdated records from the 'Hash' table...
2018-01-29 15:48:59.7802 DEBUG Aggregating records in 'Counter' table...
2018-01-29 15:51:42.5475 WARN Failed to process the job '35': an exception occurred. Retry attempt 1 of 10 will be performed in 00:00:36.
2018-01-29 15:52:16.6354 WARN Failed to process the job '36': an exception occurred. Retry attempt 1 of 10 will be performed in 00:00:30.
2018-01-29 15:52:20.7467 INFO 1 scheduled job(s) enqueued.
2018-01-29 15:52:36.0195 WARN Failed to process the job '35': an exception occurred. Retry attempt 2 of 10 will be performed in 00:00:16.
2018-01-29 15:52:51.3304 INFO 1 scheduled job(s) enqueued.
2018-01-29 15:53:06.2993 WARN Failed to process the job '36': an exception occurred. Retry attempt 2 of 10 will be performed in 00:00:18.
2018-01-29 15:53:07.1153 INFO 1 scheduled job(s) enqueued.
2018-01-29 15:53:16.3438 WARN Failed to process the job '37': an exception occurred. Retry attempt 1 of 10 will be performed in 00:00:25.
2018-01-29 15:53:22.0482 WARN Failed to process the job '35': an exception occurred. Retry attempt 3 of 10 will be performed in 00:01:04.
2018-01-29 15:53:37.8541 INFO 1 scheduled job(s) enqueued.
2018-01-29 15:53:50.6288 WARN Failed to process the job '36': an exception occurred. Retry attempt 3 of 10 will be performed in 00:01:40.
2018-01-29 15:53:53.6980 INFO 1 scheduled job(s) enqueued.
2018-01-29 15:53:54.3000 WARN Failed to process the job '37': an exception occurred. Retry attempt 2 of 10 will be performed in 00:01:14.
2018-01-29 15:54:00.0233 DEBUG Aggregating records in 'Counter' table...
2018-01-29 15:54:02.3915 WARN Failed to process the job '38': an exception occurred. Retry attempt 1 of 10 will be performed in 00:00:17.
2018-01-29 15:54:24.5087 INFO 1 scheduled job(s) enqueued.
2018-01-29 15:54:25.2798 WARN Failed to process the job '38': an exception occurred. Retry attempt 2 of 10 will be performed in 00:01:02.
2018-01-29 15:54:39.9046 INFO 1 scheduled job(s) enqueued.
2018-01-29 15:54:40.4047 WARN Failed to process the job '35': an exception occurred. Retry attempt 4 of 10 will be performed in 00:01:48.
2018-01-29 15:55:01.6079 WARN Failed to process the job '39': an exception occurred. Retry attempt 1 of 10 will be performed in 00:00:30.
2018-01-29 15:55:10.5954 INFO 1 scheduled job(s) enqueued.
2018-01-29 15:55:11.1644 WARN Failed to process the job '37': an exception occurred. Retry attempt 3 of 10 will be performed in 00:01:13.
2018-01-29 15:55:42.6252 WARN Failed to process the job '38': an exception occurred. Retry attempt 3 of 10 will be performed in 00:01:37.
2018-01-29 15:55:42.6302 INFO 3 scheduled job(s) enqueued.
2018-01-29 15:55:43.1832 WARN Failed to process the job '36': an exception occurred. Retry attempt 4 of 10 will be performed in 00:02:16.
2018-01-29 15:55:43.5353 WARN Failed to process the job '39': an exception occurred. Retry attempt 2 of 10 will be performed in 00:01:10.
2018-01-29 15:56:04.8015 WARN Failed to process the job '40': an exception occurred. Retry attempt 1 of 10 will be performed in 00:00:36.
2018-01-29 16:47:37.2224 INFO Start installing Hangfire SQL objects...
2018-01-29 16:47:38.1154 INFO Hangfire SQL objects installed.
2018-01-29 16:47:38.1854 INFO Starting Hangfire Server
2018-01-29 16:47:38.1914 INFO Using job storage: 'SQL Server: .\SQLEXPRESS@HoneyConnection'
2018-01-29 16:47:38.1914 INFO Using the following options for SQL Server job storage:
2018-01-29 16:47:38.1914 INFO     Queue poll interval: 00:00:15.
2018-01-29 16:47:38.1914 INFO Using the following options for Hangfire Server:
2018-01-29 16:47:38.1914 INFO     Worker count: 10
2018-01-29 16:47:38.1914 INFO     Listening queues: 'default'
2018-01-29 16:47:38.1914 INFO     Shutdown timeout: 00:00:15
2018-01-29 16:47:38.2034 INFO     Schedule polling interval: 00:00:15
2018-01-29 16:47:38.2984 DEBUG Background process 'BackgroundProcessingServer' started.
2018-01-29 16:47:38.9735 DEBUG Background process 'ServerHeartbeat' started.
2018-01-29 16:47:39.1405 DEBUG Background process 'ServerWatchdog' started.
2018-01-29 16:47:39.1575 DEBUG Background process 'Hangfire.SqlServer.ExpirationManager' started.
2018-01-29 16:47:39.1575 DEBUG Removing outdated records from the 'AggregatedCounter' table...
2018-01-29 16:47:39.3645 INFO 1 servers were removed due to timeout
2018-01-29 16:47:39.3895 DEBUG Background process 'Hangfire.SqlServer.CountersAggregator' started.
2018-01-29 16:47:39.3895 DEBUG Aggregating records in 'Counter' table...
2018-01-29 16:47:39.4215 DEBUG Removing outdated records from the 'Job' table...
2018-01-29 16:47:39.4215 DEBUG Background process 'Worker #870e76e3' started.
2018-01-29 16:47:39.5905 DEBUG Background process 'Worker #b35abe78' started.
2018-01-29 16:47:39.6535 DEBUG Background process 'Worker #d633a2ca' started.
2018-01-29 16:47:39.6665 DEBUG Removing outdated records from the 'List' table...
2018-01-29 16:47:39.8415 DEBUG Background process 'Worker #dc112451' started.
2018-01-29 16:47:39.9255 DEBUG Background process 'Worker #3bf11419' started.
2018-01-29 16:47:39.9895 DEBUG Background process 'Worker #01b7f7d6' started.
2018-01-29 16:47:39.9895 DEBUG Removing outdated records from the 'Set' table...
2018-01-29 16:47:40.1195 DEBUG Background process 'Worker #bfd3ea6e' started.
2018-01-29 16:47:40.1985 DEBUG Background process 'Worker #d9485e3d' started.
2018-01-29 16:47:40.2135 DEBUG Background process 'Worker #9f48d04e' started.
2018-01-29 16:47:40.2705 DEBUG Removing outdated records from the 'Hash' table...
2018-01-29 16:47:40.3465 DEBUG Background process 'Worker #c922a8cc' started.
2018-01-29 16:47:40.4175 DEBUG Background process 'DelayedJobScheduler' started.
2018-01-29 16:47:40.4535 DEBUG Background process 'RecurringJobScheduler' started.
2018-01-29 16:47:47.8870 INFO 6 scheduled job(s) enqueued.
2018-01-29 16:52:39.6517 DEBUG Aggregating records in 'Counter' table...
2018-01-29 16:57:39.8048 DEBUG Aggregating records in 'Counter' table...
2018-01-29 17:02:39.9640 DEBUG Aggregating records in 'Counter' table...
2018-01-29 18:23:40.5710 INFO Start installing Hangfire SQL objects...
2018-01-29 18:23:41.0290 INFO Hangfire SQL objects installed.
2018-01-29 18:23:41.0800 INFO Starting Hangfire Server
2018-01-29 18:23:41.0850 INFO Using job storage: 'SQL Server: .\SQLEXPRESS@HoneyConnection'
2018-01-29 18:23:41.0850 INFO Using the following options for SQL Server job storage:
2018-01-29 18:23:41.0850 INFO     Queue poll interval: 00:00:15.
2018-01-29 18:23:41.0850 INFO Using the following options for Hangfire Server:
2018-01-29 18:23:41.0850 INFO     Worker count: 10
2018-01-29 18:23:41.0850 INFO     Listening queues: 'default'
2018-01-29 18:23:41.0850 INFO     Shutdown timeout: 00:00:15
2018-01-29 18:23:41.0850 INFO     Schedule polling interval: 00:00:15
2018-01-29 18:23:41.2160 DEBUG Background process 'BackgroundProcessingServer' started.
2018-01-29 18:23:41.8951 DEBUG Background process 'ServerHeartbeat' started.
2018-01-29 18:23:41.9971 DEBUG Background process 'ServerWatchdog' started.
2018-01-29 18:23:42.0971 DEBUG Background process 'Hangfire.SqlServer.ExpirationManager' started.
2018-01-29 18:23:42.0971 DEBUG Background process 'Hangfire.SqlServer.CountersAggregator' started.
2018-01-29 18:23:42.0971 DEBUG Aggregating records in 'Counter' table...
2018-01-29 18:23:42.0971 DEBUG Removing outdated records from the 'AggregatedCounter' table...
2018-01-29 18:23:42.3391 DEBUG Background process 'Worker #52036a27' started.
2018-01-29 18:23:42.3971 INFO 1 servers were removed due to timeout
2018-01-29 18:23:42.4491 DEBUG Background process 'Worker #5f6782e6' started.
2018-01-29 18:23:42.4941 DEBUG Background process 'Worker #8a7d7952' started.
2018-01-29 18:23:42.5961 DEBUG Removing outdated records from the 'Job' table...
2018-01-29 18:23:42.6211 DEBUG Background process 'Worker #248a0173' started.
2018-01-29 18:23:42.6451 DEBUG Background process 'Worker #76e7920e' started.
2018-01-29 18:23:42.7471 DEBUG Background process 'Worker #2b2687bf' started.
2018-01-29 18:23:42.8001 DEBUG Background process 'Worker #0f947ddf' started.
2018-01-29 18:23:42.8301 DEBUG Background process 'Worker #08826f65' started.
2018-01-29 18:23:42.9241 DEBUG Removing outdated records from the 'List' table...
2018-01-29 18:23:42.9241 DEBUG Background process 'Worker #0cd141dd' started.
2018-01-29 18:23:42.9241 DEBUG Background process 'Worker #45691638' started.
2018-01-29 18:23:42.9971 DEBUG Background process 'DelayedJobScheduler' started.
2018-01-29 18:23:43.0311 DEBUG Background process 'RecurringJobScheduler' started.
2018-01-29 18:23:43.0401 DEBUG Removing outdated records from the 'Set' table...
2018-01-29 18:23:43.1011 DEBUG Removing outdated records from the 'Hash' table...
2018-01-29 18:24:11.2088 DEBUG Background process 'DelayedJobScheduler' stopped.
2018-01-29 18:24:11.2088 DEBUG Background process 'ServerWatchdog' stopped.
2018-01-29 18:24:11.2088 DEBUG Background process 'ServerHeartbeat' stopped.
2018-01-29 18:24:11.2228 DEBUG Background process 'Hangfire.SqlServer.CountersAggregator' stopped.
2018-01-29 18:24:11.2228 DEBUG Background process 'Hangfire.SqlServer.ExpirationManager' stopped.
2018-01-29 18:24:12.3348 DEBUG Background process 'Worker #8a7d7952' stopped.
2018-01-29 18:24:12.3348 DEBUG Background process 'Worker #52036a27' stopped.
2018-01-29 18:24:12.4138 DEBUG Background process 'Worker #76e7920e' stopped.
2018-01-29 18:24:12.4138 DEBUG Background process 'Worker #248a0173' stopped.
2018-01-29 18:24:12.4138 DEBUG Background process 'RecurringJobScheduler' stopped.
2018-01-29 18:24:12.4138 DEBUG Background process 'Worker #08826f65' stopped.
2018-01-29 18:24:12.4138 DEBUG Background process 'Worker #45691638' stopped.
2018-01-29 18:24:12.4138 DEBUG Background process 'Worker #2b2687bf' stopped.
2018-01-29 18:24:12.4138 DEBUG Background process 'Worker #5f6782e6' stopped.
2018-01-29 18:24:12.5108 DEBUG Background process 'Worker #0f947ddf' stopped.
2018-01-29 18:24:17.0521 WARN Failed to process the job '58': an exception occurred. Retry attempt 1 of 10 will be performed in 00:00:16.
2018-01-29 18:24:17.3691 DEBUG Background process 'Worker #0cd141dd' stopped.
2018-01-29 18:24:17.4351 DEBUG Background process 'BackgroundProcessingServer' stopped.
2018-01-29 18:24:17.4351 INFO Hangfire Server stopped.
2018-01-29 18:24:46.3678 INFO Start installing Hangfire SQL objects...
2018-01-29 18:24:46.6908 INFO Hangfire SQL objects installed.
2018-01-29 18:24:46.7848 INFO Starting Hangfire Server
2018-01-29 18:24:46.7928 INFO Using job storage: 'SQL Server: .\SQLEXPRESS@HoneyConnection'
2018-01-29 18:24:46.7928 INFO Using the following options for SQL Server job storage:
2018-01-29 18:24:46.7928 INFO     Queue poll interval: 00:00:15.
2018-01-29 18:24:46.7928 INFO Using the following options for Hangfire Server:
2018-01-29 18:24:46.7928 INFO     Worker count: 10
2018-01-29 18:24:46.7928 INFO     Listening queues: 'default'
2018-01-29 18:24:46.7928 INFO     Shutdown timeout: 00:00:15
2018-01-29 18:24:46.7928 INFO     Schedule polling interval: 00:00:15
2018-01-29 18:24:46.8788 DEBUG Background process 'BackgroundProcessingServer' started.
2018-01-29 18:24:47.4748 DEBUG Background process 'ServerHeartbeat' started.
2018-01-29 18:24:47.5018 DEBUG Background process 'ServerWatchdog' started.
2018-01-29 18:24:47.5488 DEBUG Background process 'Hangfire.SqlServer.ExpirationManager' started.
2018-01-29 18:24:47.5858 DEBUG Background process 'Hangfire.SqlServer.CountersAggregator' started.
2018-01-29 18:24:47.5858 DEBUG Aggregating records in 'Counter' table...
2018-01-29 18:24:47.6708 DEBUG Background process 'Worker #bd2133fd' started.
2018-01-29 18:24:47.6708 DEBUG Background process 'Worker #448d1e8d' started.
2018-01-29 18:24:47.6708 DEBUG Removing outdated records from the 'AggregatedCounter' table...
2018-01-29 18:24:47.8819 DEBUG Background process 'Worker #ea6fc646' started.
2018-01-29 18:24:47.9009 DEBUG Background process 'Worker #57ac8b1a' started.
2018-01-29 18:24:47.9979 DEBUG Background process 'Worker #f5a0a0c8' started.
2018-01-29 18:24:48.0789 DEBUG Removing outdated records from the 'Job' table...
2018-01-29 18:24:48.1319 DEBUG Background process 'Worker #dcc65f0d' started.
2018-01-29 18:24:48.1829 DEBUG Background process 'Worker #e41b72c7' started.
2018-01-29 18:24:48.2639 DEBUG Background process 'Worker #df4e4deb' started.
2018-01-29 18:24:48.4329 DEBUG Background process 'Worker #7541330f' started.
2018-01-29 18:24:48.5539 DEBUG Background process 'Worker #61c78400' started.
2018-01-29 18:24:48.5889 DEBUG Background process 'RecurringJobScheduler' started.
2018-01-29 18:24:48.5889 DEBUG Background process 'DelayedJobScheduler' started.
2018-01-29 18:24:48.6359 DEBUG Removing outdated records from the 'List' table...
2018-01-29 18:24:48.7879 DEBUG Removing outdated records from the 'Set' table...
2018-01-29 18:24:48.9359 DEBUG Removing outdated records from the 'Hash' table...
2018-01-29 18:24:49.6680 INFO 1 scheduled job(s) enqueued.
2018-01-29 18:27:34.5354 INFO Start installing Hangfire SQL objects...
2018-01-29 18:27:34.8314 INFO Hangfire SQL objects installed.
2018-01-29 18:27:34.8924 INFO Starting Hangfire Server
2018-01-29 18:27:34.8974 INFO Using job storage: 'SQL Server: .\SQLEXPRESS@HoneyConnection'
2018-01-29 18:27:34.8974 INFO Using the following options for SQL Server job storage:
2018-01-29 18:27:34.8974 INFO     Queue poll interval: 00:00:15.
2018-01-29 18:27:34.8974 INFO Using the following options for Hangfire Server:
2018-01-29 18:27:34.8974 INFO     Worker count: 10
2018-01-29 18:27:34.8974 INFO     Listening queues: 'default'
2018-01-29 18:27:34.8974 INFO     Shutdown timeout: 00:00:15
2018-01-29 18:27:34.8974 INFO     Schedule polling interval: 00:00:15
2018-01-29 18:27:34.9934 DEBUG Background process 'BackgroundProcessingServer' started.
2018-01-29 18:27:35.6885 DEBUG Background process 'ServerHeartbeat' started.
2018-01-29 18:27:35.7555 DEBUG Background process 'ServerWatchdog' started.
2018-01-29 18:27:35.7955 DEBUG Background process 'Hangfire.SqlServer.ExpirationManager' started.
2018-01-29 18:27:35.7955 DEBUG Removing outdated records from the 'AggregatedCounter' table...
2018-01-29 18:27:35.8285 DEBUG Background process 'Hangfire.SqlServer.CountersAggregator' started.
2018-01-29 18:27:35.8285 DEBUG Aggregating records in 'Counter' table...
2018-01-29 18:27:35.9175 DEBUG Background process 'Worker #8ec2e3bd' started.
2018-01-29 18:27:35.9955 DEBUG Background process 'Worker #46e3a8dc' started.
2018-01-29 18:27:36.0425 DEBUG Background process 'Worker #a13c8d3e' started.
2018-01-29 18:27:36.0755 DEBUG Removing outdated records from the 'Job' table...
2018-01-29 18:27:36.1315 DEBUG Background process 'Worker #ca231e9c' started.
2018-01-29 18:27:36.2215 DEBUG Background process 'Worker #80abecbb' started.
2018-01-29 18:27:36.2925 DEBUG Removing outdated records from the 'List' table...
2018-01-29 18:27:36.2925 DEBUG Background process 'Worker #94c1eeab' started.
2018-01-29 18:27:36.3415 DEBUG Background process 'Worker #9724806d' started.
2018-01-29 18:27:36.4265 DEBUG Background process 'Worker #5d8e8605' started.
2018-01-29 18:27:36.4955 DEBUG Background process 'Worker #da364480' started.
2018-01-29 18:27:36.4955 DEBUG Removing outdated records from the 'Set' table...
2018-01-29 18:27:36.5325 DEBUG Background process 'Worker #d22a2e99' started.
2018-01-29 18:27:36.5885 DEBUG Background process 'DelayedJobScheduler' started.
2018-01-29 18:27:36.7385 DEBUG Removing outdated records from the 'Hash' table...
2018-01-29 18:27:36.7905 DEBUG Background process 'RecurringJobScheduler' started.
2018-01-29 18:32:35.8456 INFO 1 servers were removed due to timeout
2018-01-29 18:32:36.1046 DEBUG Aggregating records in 'Counter' table...
2018-01-29 18:37:25.3632 INFO Start installing Hangfire SQL objects...
2018-01-29 18:37:25.7102 INFO Hangfire SQL objects installed.
2018-01-29 18:37:25.8072 INFO Starting Hangfire Server
2018-01-29 18:37:25.8152 INFO Using job storage: 'SQL Server: .\SQLEXPRESS@HoneyConnection'
2018-01-29 18:37:25.8152 INFO Using the following options for SQL Server job storage:
2018-01-29 18:37:25.8152 INFO     Queue poll interval: 00:00:15.
2018-01-29 18:37:25.8152 INFO Using the following options for Hangfire Server:
2018-01-29 18:37:25.8152 INFO     Worker count: 10
2018-01-29 18:37:25.8152 INFO     Listening queues: 'default'
2018-01-29 18:37:25.8152 INFO     Shutdown timeout: 00:00:15
2018-01-29 18:37:25.8152 INFO     Schedule polling interval: 00:00:15
2018-01-29 18:37:25.9422 DEBUG Background process 'BackgroundProcessingServer' started.
2018-01-29 18:37:26.5342 DEBUG Background process 'ServerHeartbeat' started.
2018-01-29 18:37:26.5342 DEBUG Background process 'ServerWatchdog' started.
2018-01-29 18:37:26.6143 DEBUG Background process 'Hangfire.SqlServer.ExpirationManager' started.
2018-01-29 18:37:26.6143 DEBUG Removing outdated records from the 'AggregatedCounter' table...
2018-01-29 18:37:26.7043 DEBUG Background process 'Hangfire.SqlServer.CountersAggregator' started.
2018-01-29 18:37:26.7043 DEBUG Aggregating records in 'Counter' table...
2018-01-29 18:37:26.7783 DEBUG Background process 'Worker #d435fc8a' started.
2018-01-29 18:37:26.9533 DEBUG Removing outdated records from the 'Job' table...
2018-01-29 18:37:26.9683 DEBUG Background process 'Worker #8803235e' started.
2018-01-29 18:37:27.1603 DEBUG Background process 'Worker #9b12fa70' started.
2018-01-29 18:37:27.2163 DEBUG Background process 'Worker #43685734' started.
2018-01-29 18:37:27.2833 DEBUG Removing outdated records from the 'List' table...
2018-01-29 18:37:27.3413 DEBUG Background process 'Worker #4a4e2d88' started.
2018-01-29 18:37:27.4113 DEBUG Background process 'Worker #1fb52028' started.
2018-01-29 18:37:27.4783 DEBUG Background process 'Worker #64b2d962' started.
2018-01-29 18:37:27.5113 DEBUG Background process 'Worker #e40ad156' started.
2018-01-29 18:37:27.5203 DEBUG Removing outdated records from the 'Set' table...
2018-01-29 18:37:27.5663 DEBUG Background process 'Worker #d2239de9' started.
2018-01-29 18:37:27.6843 DEBUG Background process 'Worker #47b62987' started.
2018-01-29 18:37:27.7473 DEBUG Removing outdated records from the 'Hash' table...
2018-01-29 18:37:27.7793 DEBUG Background process 'DelayedJobScheduler' started.
2018-01-29 18:37:27.8443 DEBUG Background process 'RecurringJobScheduler' started.
2018-01-29 18:58:24.9332 INFO Start installing Hangfire SQL objects...
2018-01-29 18:58:25.4963 INFO Hangfire SQL objects installed.
2018-01-29 18:58:25.6523 INFO Starting Hangfire Server
2018-01-29 18:58:25.6663 INFO Using job storage: 'SQL Server: .\SQLEXPRESS@HoneyConnection'
2018-01-29 18:58:25.6663 INFO Using the following options for SQL Server job storage:
2018-01-29 18:58:25.6663 INFO     Queue poll interval: 00:00:15.
2018-01-29 18:58:25.6663 INFO Using the following options for Hangfire Server:
2018-01-29 18:58:25.6663 INFO     Worker count: 10
2018-01-29 18:58:25.6663 INFO     Listening queues: 'default'
2018-01-29 18:58:25.6783 INFO     Shutdown timeout: 00:00:15
2018-01-29 18:58:25.6783 INFO     Schedule polling interval: 00:00:15
2018-01-29 18:58:25.8073 DEBUG Background process 'BackgroundProcessingServer' started.
2018-01-29 18:58:27.2584 DEBUG Background process 'ServerHeartbeat' started.
2018-01-29 18:58:27.2584 DEBUG Background process 'ServerWatchdog' started.
2018-01-29 18:58:27.3654 DEBUG Background process 'Hangfire.SqlServer.ExpirationManager' started.
2018-01-29 18:58:27.3804 DEBUG Removing outdated records from the 'AggregatedCounter' table...
2018-01-29 18:58:27.4284 INFO 2 servers were removed due to timeout
2018-01-29 18:58:27.4474 DEBUG Background process 'Hangfire.SqlServer.CountersAggregator' started.
2018-01-29 18:58:27.4474 DEBUG Aggregating records in 'Counter' table...
2018-01-29 18:58:27.5084 DEBUG Background process 'Worker #028ec99d' started.
2018-01-29 18:58:27.5314 DEBUG Background process 'Worker #7d058825' started.
2018-01-29 18:58:27.6944 DEBUG Background process 'Worker #fc56feb6' started.
2018-01-29 18:58:27.8164 DEBUG Background process 'Worker #70461e97' started.
2018-01-29 18:58:27.9104 DEBUG Background process 'Worker #6517c606' started.
2018-01-29 18:58:27.9264 DEBUG Removing outdated records from the 'Job' table...
2018-01-29 18:58:28.1004 DEBUG Background process 'Worker #b4301c1d' started.
2018-01-29 18:58:28.1584 DEBUG Background process 'Worker #e6d0c3d9' started.
2018-01-29 18:58:28.2854 DEBUG Removing outdated records from the 'List' table...
2018-01-29 18:58:28.3494 DEBUG Background process 'Worker #fbfbdebc' started.
2018-01-29 18:58:28.3924 DEBUG Background process 'Worker #366404fa' started.
2018-01-29 18:58:28.4554 DEBUG Removing outdated records from the 'Set' table...
2018-01-29 18:58:28.4784 DEBUG Background process 'Worker #11a8b9db' started.
2018-01-29 18:58:28.5844 DEBUG Background process 'DelayedJobScheduler' started.
2018-01-29 18:58:28.7224 DEBUG Background process 'RecurringJobScheduler' started.
2018-01-29 18:58:28.7224 DEBUG Removing outdated records from the 'Hash' table...
2018-01-29 18:59:00.5163 WARN Recurring job 'EmailSender.SendEmail' can not be scheduled due to job load exception.
2018-01-29 19:00:00.7147 WARN Recurring job 'EmailSender.SendEmail' can not be scheduled due to job load exception.
2018-01-29 19:01:00.9331 WARN Recurring job 'EmailSender.SendEmail' can not be scheduled due to job load exception.
2018-01-29 19:02:00.1645 WARN Recurring job 'EmailSender.SendEmail' can not be scheduled due to job load exception.
2018-01-29 19:03:27.8475 DEBUG Aggregating records in 'Counter' table...
2018-01-29 19:06:14.7791 WARN Failed to process the job '74': an exception occurred. Retry attempt 1 of 10 will be performed in 00:00:39.
2018-01-29 19:07:02.6368 INFO 1 scheduled job(s) enqueued.
2018-01-29 19:10:38.2672 INFO Start installing Hangfire SQL objects...
2018-01-29 19:10:38.6152 INFO Hangfire SQL objects installed.
2018-01-29 19:10:38.7152 INFO Starting Hangfire Server
2018-01-29 19:10:38.7152 INFO Using job storage: 'SQL Server: .\SQLEXPRESS@HoneyConnection'
2018-01-29 19:10:38.7262 INFO Using the following options for SQL Server job storage:
2018-01-29 19:10:38.7262 INFO     Queue poll interval: 00:00:15.
2018-01-29 19:10:38.7262 INFO Using the following options for Hangfire Server:
2018-01-29 19:10:38.7262 INFO     Worker count: 10
2018-01-29 19:10:38.7262 INFO     Listening queues: 'default'
2018-01-29 19:10:38.7262 INFO     Shutdown timeout: 00:00:15
2018-01-29 19:10:38.7262 INFO     Schedule polling interval: 00:00:15
2018-01-29 19:10:38.8272 DEBUG Background process 'BackgroundProcessingServer' started.
2018-01-29 19:10:39.7963 DEBUG Background process 'ServerHeartbeat' started.
2018-01-29 19:10:39.8593 DEBUG Background process 'ServerWatchdog' started.
2018-01-29 19:10:39.9233 DEBUG Background process 'Hangfire.SqlServer.ExpirationManager' started.
2018-01-29 19:10:39.9273 DEBUG Removing outdated records from the 'AggregatedCounter' table...
2018-01-29 19:10:40.0043 DEBUG Background process 'Hangfire.SqlServer.CountersAggregator' started.
2018-01-29 19:10:40.0673 DEBUG Aggregating records in 'Counter' table...
2018-01-29 19:10:40.1053 DEBUG Removing outdated records from the 'Job' table...
2018-01-29 19:10:40.1313 DEBUG Background process 'Worker #29afcbe8' started.
2018-01-29 19:10:40.2183 DEBUG Background process 'Worker #00a9cc37' started.
2018-01-29 19:10:40.2413 DEBUG Background process 'Worker #51c36d6b' started.
2018-01-29 19:10:40.2893 DEBUG Removing outdated records from the 'List' table...
2018-01-29 19:10:40.3613 DEBUG Background process 'Worker #8578f8e4' started.
2018-01-29 19:10:40.3713 DEBUG Background process 'Worker #7f1249e3' started.
2018-01-29 19:10:40.4863 DEBUG Background process 'Worker #320aadea' started.
2018-01-29 19:10:40.5523 DEBUG Removing outdated records from the 'Set' table...
2018-01-29 19:10:40.5973 DEBUG Background process 'Worker #0d083553' started.
2018-01-29 19:10:40.7603 DEBUG Background process 'Worker #90feaf51' started.
2018-01-29 19:10:40.7983 DEBUG Background process 'Worker #d5069758' started.
2018-01-29 19:10:40.8723 DEBUG Background process 'Worker #c2c40602' started.
2018-01-29 19:10:40.9283 DEBUG Background process 'DelayedJobScheduler' started.
2018-01-29 19:10:40.9593 DEBUG Removing outdated records from the 'Hash' table...
2018-01-29 19:10:41.1283 DEBUG Background process 'RecurringJobScheduler' started.
2018-01-29 22:49:19.1823 INFO Start installing Hangfire SQL objects...
2018-01-29 22:49:25.0866 INFO Hangfire SQL objects installed.
2018-01-29 22:49:25.1766 INFO Starting Hangfire Server
2018-01-29 22:49:25.1846 INFO Using job storage: 'SQL Server: .\SQLEXPRESS@HoneyConnection'
2018-01-29 22:49:25.1846 INFO Using the following options for SQL Server job storage:
2018-01-29 22:49:25.1846 INFO     Queue poll interval: 00:00:15.
2018-01-29 22:49:25.1846 INFO Using the following options for Hangfire Server:
2018-01-29 22:49:25.1986 INFO     Worker count: 10
2018-01-29 22:49:25.1986 INFO     Listening queues: 'default'
2018-01-29 22:49:25.1986 INFO     Shutdown timeout: 00:00:15
2018-01-29 22:49:25.1986 INFO     Schedule polling interval: 00:00:15
2018-01-29 22:49:25.3406 DEBUG Background process 'BackgroundProcessingServer' started.
2018-01-29 22:49:27.1097 DEBUG Background process 'ServerHeartbeat' started.
2018-01-29 22:49:27.1517 DEBUG Background process 'ServerWatchdog' started.
2018-01-29 22:49:27.1947 DEBUG Background process 'Hangfire.SqlServer.ExpirationManager' started.
2018-01-29 22:49:27.1947 DEBUG Removing outdated records from the 'AggregatedCounter' table...
2018-01-29 22:49:27.6188 DEBUG Background process 'Hangfire.SqlServer.CountersAggregator' started.
2018-01-29 22:49:27.6188 DEBUG Aggregating records in 'Counter' table...
2018-01-29 22:49:27.7058 DEBUG Background process 'Worker #17a0f654' started.
2018-01-29 22:49:27.7758 DEBUG Background process 'Worker #36a2a09f' started.
2018-01-29 22:49:27.8338 DEBUG Background process 'Worker #545b8e11' started.
2018-01-29 22:49:27.8498 DEBUG Background process 'Worker #13eee3cf' started.
2018-01-29 22:49:27.8758 DEBUG Background process 'Worker #eb15cfa5' started.
2018-01-29 22:49:27.8928 INFO 2 servers were removed due to timeout
2018-01-29 22:49:27.9308 DEBUG Background process 'Worker #8ac9ac36' started.
2018-01-29 22:49:28.2758 DEBUG Background process 'Worker #3c36290f' started.
2018-01-29 22:49:28.3138 DEBUG Background process 'Worker #533e6d88' started.
2018-01-29 22:49:28.3518 DEBUG Background process 'Worker #0a7dd8f4' started.
2018-01-29 22:49:28.4148 DEBUG Background process 'Worker #3651d007' started.
2018-01-29 22:49:28.4518 DEBUG Background process 'DelayedJobScheduler' started.
2018-01-29 22:49:28.4748 DEBUG Background process 'RecurringJobScheduler' started.
2018-01-29 22:49:28.9278 DEBUG Removing outdated records from the 'Job' table...
2018-01-29 22:49:31.3710 DEBUG Removing outdated records from the 'List' table...
2018-01-29 22:49:31.7120 DEBUG Removing outdated records from the 'Set' table...
2018-01-29 22:49:32.0920 DEBUG Removing outdated records from the 'Hash' table...
2018-01-29 22:51:22.8744 INFO Start installing Hangfire SQL objects...
2018-01-29 22:51:24.6295 INFO Hangfire SQL objects installed.
2018-01-29 22:51:24.7465 INFO Starting Hangfire Server
2018-01-29 22:51:24.7585 INFO Using job storage: 'SQL Server: .\SQLEXPRESS@HoneyConnection'
2018-01-29 22:51:24.7585 INFO Using the following options for SQL Server job storage:
2018-01-29 22:51:24.7585 INFO     Queue poll interval: 00:00:15.
2018-01-29 22:51:24.7585 INFO Using the following options for Hangfire Server:
2018-01-29 22:51:24.7585 INFO     Worker count: 10
2018-01-29 22:51:24.7735 INFO     Listening queues: 'default'
2018-01-29 22:51:24.7735 INFO     Shutdown timeout: 00:00:15
2018-01-29 22:51:24.7735 INFO     Schedule polling interval: 00:00:15
2018-01-29 22:51:24.8685 DEBUG Background process 'BackgroundProcessingServer' started.
2018-01-29 22:51:25.6035 DEBUG Background process 'ServerHeartbeat' started.
2018-01-29 22:51:25.6225 DEBUG Background process 'ServerWatchdog' started.
2018-01-29 22:51:25.7755 DEBUG Background process 'Hangfire.SqlServer.ExpirationManager' started.
2018-01-29 22:51:25.7755 DEBUG Removing outdated records from the 'AggregatedCounter' table...
2018-01-29 22:51:25.7875 DEBUG Background process 'Hangfire.SqlServer.CountersAggregator' started.
2018-01-29 22:51:25.7875 DEBUG Aggregating records in 'Counter' table...
2018-01-29 22:51:25.8675 DEBUG Background process 'Worker #7346fb0a' started.
2018-01-29 22:51:25.9325 DEBUG Background process 'Worker #da49e683' started.
2018-01-29 22:51:26.0805 DEBUG Background process 'Worker #1de0899e' started.
2018-01-29 22:51:26.1985 DEBUG Background process 'Worker #d59bea34' started.
2018-01-29 22:51:26.2105 DEBUG Removing outdated records from the 'Job' table...
2018-01-29 22:51:26.3145 DEBUG Background process 'Worker #c8301e2b' started.
2018-01-29 22:51:26.3806 DEBUG Background process 'Worker #eb468ee1' started.
2018-01-29 22:51:26.4536 DEBUG Removing outdated records from the 'List' table...
2018-01-29 22:51:26.4826 DEBUG Background process 'Worker #dbd5fbe9' started.
2018-01-29 22:51:26.5566 DEBUG Background process 'Worker #163c8a00' started.
2018-01-29 22:51:26.6466 DEBUG Background process 'Worker #8f97f0ec' started.
2018-01-29 22:51:26.6776 DEBUG Removing outdated records from the 'Set' table...
2018-01-29 22:51:26.6776 DEBUG Background process 'Worker #1da8a4c0' started.
2018-01-29 22:51:26.7786 DEBUG Background process 'RecurringJobScheduler' started.
2018-01-29 22:51:26.7786 DEBUG Background process 'DelayedJobScheduler' started.
2018-01-29 22:51:26.8806 DEBUG Removing outdated records from the 'Hash' table...
2018-01-29 22:53:41.9303 INFO Start installing Hangfire SQL objects...
2018-01-29 22:53:42.2343 INFO Hangfire SQL objects installed.
2018-01-29 22:53:42.3483 INFO Starting Hangfire Server
2018-01-29 22:53:42.3483 INFO Using job storage: 'SQL Server: .\SQLEXPRESS@HoneyConnection'
2018-01-29 22:53:42.3483 INFO Using the following options for SQL Server job storage:
2018-01-29 22:53:42.3643 INFO     Queue poll interval: 00:00:15.
2018-01-29 22:53:42.3643 INFO Using the following options for Hangfire Server:
2018-01-29 22:53:42.3643 INFO     Worker count: 10
2018-01-29 22:53:42.3643 INFO     Listening queues: 'default'
2018-01-29 22:53:42.3813 INFO     Shutdown timeout: 00:00:15
2018-01-29 22:53:42.3813 INFO     Schedule polling interval: 00:00:15
2018-01-29 22:53:42.4953 DEBUG Background process 'BackgroundProcessingServer' started.
2018-01-29 22:53:43.3604 DEBUG Background process 'ServerHeartbeat' started.
2018-01-29 22:53:43.5104 DEBUG Background process 'ServerWatchdog' started.
2018-01-29 22:53:43.5844 DEBUG Background process 'Hangfire.SqlServer.ExpirationManager' started.
2018-01-29 22:53:43.5844 DEBUG Background process 'Hangfire.SqlServer.CountersAggregator' started.
2018-01-29 22:53:43.6174 DEBUG Aggregating records in 'Counter' table...
2018-01-29 22:53:43.6754 DEBUG Removing outdated records from the 'AggregatedCounter' table...
2018-01-29 22:53:43.7384 DEBUG Background process 'Worker #a42cfbc3' started.
2018-01-29 22:53:43.7384 DEBUG Background process 'Worker #443fffd4' started.
2018-01-29 22:53:43.9304 DEBUG Background process 'Worker #4a59c16f' started.
2018-01-29 22:53:43.9304 DEBUG Background process 'Worker #f8a038a1' started.
2018-01-29 22:53:44.0244 DEBUG Background process 'Worker #21bf88ad' started.
2018-01-29 22:53:44.1314 DEBUG Background process 'Worker #0c1427ae' started.
2018-01-29 22:53:44.1474 DEBUG Removing outdated records from the 'Job' table...
2018-01-29 22:53:44.3844 DEBUG Background process 'Worker #7084ca36' started.
2018-01-29 22:53:44.4194 DEBUG Background process 'Worker #dbad8fed' started.
2018-01-29 22:53:44.5025 DEBUG Removing outdated records from the 'List' table...
2018-01-29 22:53:44.5685 DEBUG Background process 'Worker #1d724129' started.
2018-01-29 22:53:44.5975 DEBUG Background process 'Worker #1de8d23b' started.
2018-01-29 22:53:44.7045 DEBUG Removing outdated records from the 'Set' table...
2018-01-29 22:53:44.7045 DEBUG Background process 'DelayedJobScheduler' started.
2018-01-29 22:53:44.7385 DEBUG Background process 'RecurringJobScheduler' started.
2018-01-29 22:53:44.8325 DEBUG Removing outdated records from the 'Hash' table...
2018-01-29 22:59:49.7743 INFO Start installing Hangfire SQL objects...
2018-01-29 22:59:50.2904 INFO Hangfire SQL objects installed.
2018-01-29 22:59:50.3304 INFO Starting Hangfire Server
2018-01-29 22:59:50.3304 INFO Using job storage: 'SQL Server: .\SQLEXPRESS@HoneyConnection'
2018-01-29 22:59:50.3304 INFO Using the following options for SQL Server job storage:
2018-01-29 22:59:50.3304 INFO     Queue poll interval: 00:00:15.
2018-01-29 22:59:50.3304 INFO Using the following options for Hangfire Server:
2018-01-29 22:59:50.3304 INFO     Worker count: 10
2018-01-29 22:59:50.3394 INFO     Listening queues: 'default'
2018-01-29 22:59:50.3394 INFO     Shutdown timeout: 00:00:15
2018-01-29 22:59:50.3394 INFO     Schedule polling interval: 00:00:15
2018-01-29 22:59:50.4004 DEBUG Background process 'BackgroundProcessingServer' started.
2018-01-29 22:59:50.9914 DEBUG Background process 'ServerHeartbeat' started.
2018-01-29 22:59:51.0174 DEBUG Background process 'ServerWatchdog' started.
2018-01-29 22:59:51.0594 DEBUG Background process 'Hangfire.SqlServer.ExpirationManager' started.
2018-01-29 22:59:51.0594 DEBUG Removing outdated records from the 'AggregatedCounter' table...
2018-01-29 22:59:51.1454 DEBUG Background process 'Hangfire.SqlServer.CountersAggregator' started.
2018-01-29 22:59:51.1454 DEBUG Aggregating records in 'Counter' table...
2018-01-29 22:59:51.2474 INFO 2 servers were removed due to timeout
2018-01-29 22:59:51.2474 DEBUG Background process 'Worker #410cb242' started.
2018-01-29 22:59:51.3664 DEBUG Background process 'Worker #9ca49f8a' started.
2018-01-29 22:59:51.3954 DEBUG Removing outdated records from the 'Job' table...
2018-01-29 22:59:51.3954 DEBUG Background process 'Worker #3261bc0e' started.
2018-01-29 22:59:51.4324 DEBUG Background process 'Worker #8cb00d2c' started.
2018-01-29 22:59:51.4324 DEBUG Background process 'Worker #fdd18cb7' started.
2018-01-29 22:59:51.4614 DEBUG Background process 'Worker #3cbdcfb9' started.
2018-01-29 22:59:51.4714 DEBUG Background process 'Worker #03053ca0' started.
2018-01-29 22:59:51.4874 DEBUG Background process 'Worker #545e230d' started.
2018-01-29 22:59:51.4974 DEBUG Background process 'Worker #b6e8471c' started.
2018-01-29 22:59:51.5094 DEBUG Background process 'Worker #25aeff53' started.
2018-01-29 22:59:51.5094 DEBUG Background process 'DelayedJobScheduler' started.
2018-01-29 22:59:51.5244 DEBUG Background process 'RecurringJobScheduler' started.
2018-01-29 22:59:52.4895 DEBUG Removing outdated records from the 'List' table...
2018-01-29 22:59:52.8185 DEBUG Removing outdated records from the 'Set' table...
2018-01-29 22:59:52.9755 DEBUG Removing outdated records from the 'Hash' table...
2018-01-29 23:01:11.4640 INFO Start installing Hangfire SQL objects...
2018-01-29 23:01:11.9100 INFO Hangfire SQL objects installed.
2018-01-29 23:01:11.9920 INFO Starting Hangfire Server
2018-01-29 23:01:11.9920 INFO Using job storage: 'SQL Server: .\SQLEXPRESS@HoneyConnection'
2018-01-29 23:01:11.9920 INFO Using the following options for SQL Server job storage:
2018-01-29 23:01:11.9920 INFO     Queue poll interval: 00:00:15.
2018-01-29 23:01:11.9920 INFO Using the following options for Hangfire Server:
2018-01-29 23:01:12.0070 INFO     Worker count: 10
2018-01-29 23:01:12.0070 INFO     Listening queues: 'default'
2018-01-29 23:01:12.0070 INFO     Shutdown timeout: 00:00:15
2018-01-29 23:01:12.0070 INFO     Schedule polling interval: 00:00:15
2018-01-29 23:01:12.1141 DEBUG Background process 'BackgroundProcessingServer' started.
2018-01-29 23:01:13.2951 DEBUG Background process 'ServerHeartbeat' started.
2018-01-29 23:01:13.4441 DEBUG Background process 'ServerWatchdog' started.
2018-01-29 23:01:13.4671 DEBUG Background process 'Hangfire.SqlServer.ExpirationManager' started.
2018-01-29 23:01:13.4671 DEBUG Removing outdated records from the 'AggregatedCounter' table...
2018-01-29 23:01:13.5461 DEBUG Background process 'Hangfire.SqlServer.CountersAggregator' started.
2018-01-29 23:01:13.5541 DEBUG Aggregating records in 'Counter' table...
2018-01-29 23:01:13.6061 DEBUG Background process 'Worker #ebbf1aa8' started.
2018-01-29 23:01:13.7211 DEBUG Background process 'Worker #467e62bc' started.
2018-01-29 23:01:13.7662 DEBUG Background process 'Worker #b58c84df' started.
2018-01-29 23:01:13.7952 DEBUG Removing outdated records from the 'Job' table...
2018-01-29 23:01:13.8292 DEBUG Background process 'Worker #5c54f37c' started.
2018-01-29 23:01:13.9322 DEBUG Background process 'Worker #829951f4' started.
2018-01-29 23:01:13.9442 DEBUG Background process 'Worker #ffa2efa1' started.
2018-01-29 23:01:14.0312 DEBUG Background process 'Worker #24d8f720' started.
2018-01-29 23:01:14.0342 DEBUG Removing outdated records from the 'List' table...
2018-01-29 23:01:14.1392 DEBUG Background process 'Worker #9b35046c' started.
2018-01-29 23:01:14.1782 DEBUG Background process 'Worker #3ad35d0a' started.
2018-01-29 23:01:14.2402 DEBUG Removing outdated records from the 'Set' table...
2018-01-29 23:01:14.2662 DEBUG Background process 'Worker #345b818c' started.
2018-01-29 23:01:14.3252 DEBUG Background process 'DelayedJobScheduler' started.
2018-01-29 23:01:14.3702 DEBUG Removing outdated records from the 'Hash' table...
2018-01-29 23:01:14.4492 DEBUG Background process 'RecurringJobScheduler' started.
2018-01-29 23:01:57.7637 INFO Start installing Hangfire SQL objects...
2018-01-29 23:01:58.0317 INFO Hangfire SQL objects installed.
2018-01-29 23:01:58.0717 INFO Starting Hangfire Server
2018-01-29 23:01:58.0767 INFO Using job storage: 'SQL Server: .\SQLEXPRESS@HoneyConnection'
2018-01-29 23:01:58.0767 INFO Using the following options for SQL Server job storage:
2018-01-29 23:01:58.0767 INFO     Queue poll interval: 00:00:15.
2018-01-29 23:01:58.0767 INFO Using the following options for Hangfire Server:
2018-01-29 23:01:58.0767 INFO     Worker count: 10
2018-01-29 23:01:58.0767 INFO     Listening queues: 'default'
2018-01-29 23:01:58.0767 INFO     Shutdown timeout: 00:00:15
2018-01-29 23:01:58.0767 INFO     Schedule polling interval: 00:00:15
2018-01-29 23:01:58.1817 DEBUG Background process 'BackgroundProcessingServer' started.
2018-01-29 23:01:58.6827 DEBUG Background process 'ServerHeartbeat' started.
2018-01-29 23:01:58.8547 DEBUG Background process 'ServerWatchdog' started.
2018-01-29 23:01:58.8547 DEBUG Background process 'Hangfire.SqlServer.ExpirationManager' started.
2018-01-29 23:01:58.8697 DEBUG Removing outdated records from the 'AggregatedCounter' table...
2018-01-29 23:01:58.9097 DEBUG Background process 'Hangfire.SqlServer.CountersAggregator' started.
2018-01-29 23:01:58.9097 DEBUG Aggregating records in 'Counter' table...
2018-01-29 23:01:59.0267 DEBUG Background process 'Worker #8ba4df23' started.
2018-01-29 23:01:59.1677 DEBUG Background process 'Worker #8bd89150' started.
2018-01-29 23:01:59.2388 DEBUG Background process 'Worker #06f1da7d' started.
2018-01-29 23:01:59.4608 DEBUG Background process 'Worker #2e1edb57' started.
2018-01-29 23:01:59.4708 DEBUG Background process 'Worker #245d0990' started.
2018-01-29 23:01:59.6618 DEBUG Removing outdated records from the 'Job' table...
2018-01-29 23:01:59.6718 DEBUG Background process 'Worker #57b8713f' started.
2018-01-29 23:01:59.7168 DEBUG Background process 'Worker #07c9d115' started.
2018-01-29 23:01:59.8658 DEBUG Background process 'Worker #ab64c72e' started.
2018-01-29 23:01:59.9028 DEBUG Background process 'Worker #07cf745a' started.
2018-01-29 23:02:00.1118 DEBUG Background process 'Worker #accd7183' started.
2018-01-29 23:02:00.1118 DEBUG Background process 'DelayedJobScheduler' started.
2018-01-29 23:02:00.1508 DEBUG Removing outdated records from the 'List' table...
2018-01-29 23:02:00.4718 DEBUG Background process 'RecurringJobScheduler' started.
2018-01-29 23:02:00.6538 DEBUG Removing outdated records from the 'Set' table...
2018-01-29 23:02:00.9829 DEBUG Removing outdated records from the 'Hash' table...
2018-01-29 23:09:00.3748 INFO Start installing Hangfire SQL objects...
2018-01-29 23:09:00.6009 INFO Hangfire SQL objects installed.
2018-01-29 23:09:00.6409 INFO Starting Hangfire Server
2018-01-29 23:09:00.6409 INFO Using job storage: 'SQL Server: .\SQLEXPRESS@HoneyConnection'
2018-01-29 23:09:00.6409 INFO Using the following options for SQL Server job storage:
2018-01-29 23:09:00.6489 INFO     Queue poll interval: 00:00:15.
2018-01-29 23:09:00.6489 INFO Using the following options for Hangfire Server:
2018-01-29 23:09:00.6489 INFO     Worker count: 10
2018-01-29 23:09:00.6489 INFO     Listening queues: 'default'
2018-01-29 23:09:00.6489 INFO     Shutdown timeout: 00:00:15
2018-01-29 23:09:00.6489 INFO     Schedule polling interval: 00:00:15
2018-01-29 23:09:00.6919 DEBUG Background process 'BackgroundProcessingServer' started.
2018-01-29 23:09:01.0879 DEBUG Background process 'ServerHeartbeat' started.
2018-01-29 23:09:01.1189 DEBUG Background process 'ServerWatchdog' started.
2018-01-29 23:09:01.1639 DEBUG Background process 'Hangfire.SqlServer.ExpirationManager' started.
2018-01-29 23:09:01.1639 DEBUG Removing outdated records from the 'AggregatedCounter' table...
2018-01-29 23:09:01.2109 INFO 3 servers were removed due to timeout
2018-01-29 23:09:01.2109 DEBUG Background process 'Hangfire.SqlServer.CountersAggregator' started.
2018-01-29 23:09:01.2109 DEBUG Aggregating records in 'Counter' table...
2018-01-29 23:09:01.3009 DEBUG Background process 'Worker #7ff88cf9' started.
2018-01-29 23:09:01.3189 DEBUG Background process 'Worker #83feb4fc' started.
2018-01-29 23:09:01.3719 DEBUG Background process 'Worker #32adc234' started.
2018-01-29 23:09:01.4159 DEBUG Removing outdated records from the 'Job' table...
2018-01-29 23:09:01.4529 DEBUG Background process 'Worker #c3776e09' started.
2018-01-29 23:09:01.5109 DEBUG Background process 'Worker #1e586b05' started.
2018-01-29 23:09:01.5249 DEBUG Background process 'Worker #960febe4' started.
2018-01-29 23:09:01.6229 DEBUG Removing outdated records from the 'List' table...
2018-01-29 23:09:01.6319 DEBUG Background process 'Worker #cb5e93df' started.
2018-01-29 23:09:01.7009 DEBUG Background process 'Worker #7b2f7d67' started.
2018-01-29 23:09:01.7439 DEBUG Removing outdated records from the 'Set' table...
2018-01-29 23:09:01.7849 DEBUG Background process 'Worker #eaf59354' started.
2018-01-29 23:09:01.8469 DEBUG Background process 'Worker #5993e30b' started.
2018-01-29 23:09:01.8879 DEBUG Removing outdated records from the 'Hash' table...
2018-01-29 23:09:01.9199 DEBUG Background process 'DelayedJobScheduler' started.
2018-01-29 23:09:01.9599 DEBUG Background process 'RecurringJobScheduler' started.
2018-01-29 23:14:01.2370 INFO 1 servers were removed due to timeout
2018-01-29 23:14:01.5801 DEBUG Aggregating records in 'Counter' table...
2018-01-29 23:15:23.2067 INFO Start installing Hangfire SQL objects...
2018-01-29 23:15:23.5178 INFO Hangfire SQL objects installed.
2018-01-29 23:15:23.5618 INFO Starting Hangfire Server
2018-01-29 23:15:23.5618 INFO Using job storage: 'SQL Server: .\SQLEXPRESS@HoneyConnection'
2018-01-29 23:15:23.5618 INFO Using the following options for SQL Server job storage:
2018-01-29 23:15:23.5688 INFO     Queue poll interval: 00:00:15.
2018-01-29 23:15:23.5688 INFO Using the following options for Hangfire Server:
2018-01-29 23:15:23.5688 INFO     Worker count: 10
2018-01-29 23:15:23.5688 INFO     Listening queues: 'default'
2018-01-29 23:15:23.5688 INFO     Shutdown timeout: 00:00:15
2018-01-29 23:15:23.5688 INFO     Schedule polling interval: 00:00:15
2018-01-29 23:15:23.6108 DEBUG Background process 'BackgroundProcessingServer' started.
2018-01-29 23:15:24.0008 DEBUG Background process 'ServerHeartbeat' started.
2018-01-29 23:15:24.0798 DEBUG Background process 'ServerWatchdog' started.
2018-01-29 23:15:24.1028 DEBUG Background process 'Hangfire.SqlServer.ExpirationManager' started.
2018-01-29 23:15:24.1028 DEBUG Removing outdated records from the 'AggregatedCounter' table...
2018-01-29 23:15:24.1358 DEBUG Background process 'Hangfire.SqlServer.CountersAggregator' started.
2018-01-29 23:15:24.1358 DEBUG Aggregating records in 'Counter' table...
2018-01-29 23:15:24.2058 DEBUG Background process 'Worker #5d148f46' started.
2018-01-29 23:15:24.2198 DEBUG Background process 'Worker #b6c239da' started.
2018-01-29 23:15:24.2648 DEBUG Background process 'Worker #9eca7b12' started.
2018-01-29 23:15:24.2868 DEBUG Background process 'Worker #61dbacc9' started.
2018-01-29 23:15:24.3928 DEBUG Background process 'Worker #1372095d' started.
2018-01-29 23:15:24.4588 DEBUG Background process 'Worker #47e609b3' started.
2018-01-29 23:15:24.4588 DEBUG Removing outdated records from the 'Job' table...
2018-01-29 23:15:24.4948 DEBUG Background process 'Worker #2eac90cd' started.
2018-01-29 23:15:24.5358 DEBUG Background process 'Worker #e9ff35e7' started.
2018-01-29 23:15:24.6218 DEBUG Background process 'Worker #6ccde1a3' started.
2018-01-29 23:15:24.6998 DEBUG Removing outdated records from the 'List' table...
2018-01-29 23:15:24.7148 DEBUG Background process 'Worker #7555e90f' started.
2018-01-29 23:15:24.8528 DEBUG Background process 'RecurringJobScheduler' started.
2018-01-29 23:15:24.8528 DEBUG Background process 'DelayedJobScheduler' started.
2018-01-29 23:15:24.9308 DEBUG Removing outdated records from the 'Set' table...
2018-01-29 23:15:24.9768 DEBUG Removing outdated records from the 'Hash' table...
2018-01-29 23:20:24.2010 INFO 1 servers were removed due to timeout
2018-01-29 23:20:24.6150 DEBUG Aggregating records in 'Counter' table...
2018-01-29 23:25:24.9322 DEBUG Aggregating records in 'Counter' table...
2018-01-29 23:30:25.1433 DEBUG Aggregating records in 'Counter' table...
2018-01-29 23:33:14.8190 INFO Start installing Hangfire SQL objects...
2018-01-29 23:33:15.0500 INFO Hangfire SQL objects installed.
2018-01-29 23:33:15.0960 INFO Starting Hangfire Server
2018-01-29 23:33:15.0960 INFO Using job storage: 'SQL Server: .\SQLEXPRESS@HoneyConnection'
2018-01-29 23:33:15.0960 INFO Using the following options for SQL Server job storage:
2018-01-29 23:33:15.0960 INFO     Queue poll interval: 00:00:15.
2018-01-29 23:33:15.0960 INFO Using the following options for Hangfire Server:
2018-01-29 23:33:15.0960 INFO     Worker count: 10
2018-01-29 23:33:15.0960 INFO     Listening queues: 'default'
2018-01-29 23:33:15.0960 INFO     Shutdown timeout: 00:00:15
2018-01-29 23:33:15.0960 INFO     Schedule polling interval: 00:00:15
2018-01-29 23:33:15.1590 DEBUG Background process 'BackgroundProcessingServer' started.
2018-01-29 23:33:15.5551 DEBUG Background process 'ServerHeartbeat' started.
2018-01-29 23:33:15.6511 DEBUG Background process 'ServerWatchdog' started.
2018-01-29 23:33:15.6931 DEBUG Background process 'Hangfire.SqlServer.ExpirationManager' started.
2018-01-29 23:33:15.6931 DEBUG Removing outdated records from the 'AggregatedCounter' table...
2018-01-29 23:33:15.7431 DEBUG Background process 'Hangfire.SqlServer.CountersAggregator' started.
2018-01-29 23:33:15.7431 DEBUG Aggregating records in 'Counter' table...
2018-01-29 23:33:15.8251 DEBUG Background process 'Worker #e1021a97' started.
2018-01-29 23:33:15.8501 DEBUG Background process 'Worker #edee1a6f' started.
2018-01-29 23:33:15.9071 DEBUG Background process 'Worker #64554131' started.
2018-01-29 23:33:15.9071 DEBUG Removing outdated records from the 'Job' table...
2018-01-29 23:33:16.0361 DEBUG Background process 'Worker #1610adff' started.
2018-01-29 23:33:16.0701 DEBUG Background process 'Worker #8eb32d03' started.
2018-01-29 23:33:16.1531 DEBUG Background process 'Worker #953fa111' started.
2018-01-29 23:33:16.1861 DEBUG Background process 'Worker #bbe3a23e' started.
2018-01-29 23:33:16.1861 DEBUG Removing outdated records from the 'List' table...
2018-01-29 23:33:16.2711 DEBUG Background process 'Worker #85687482' started.
2018-01-29 23:33:16.3801 DEBUG Background process 'Worker #c7b2aead' started.
2018-01-29 23:33:16.3961 DEBUG Removing outdated records from the 'Set' table...
2018-01-29 23:33:16.4091 DEBUG Background process 'Worker #0ccc6904' started.
2018-01-29 23:33:16.4981 DEBUG Background process 'DelayedJobScheduler' started.
2018-01-29 23:33:16.5381 DEBUG Background process 'RecurringJobScheduler' started.
2018-01-29 23:33:16.5381 DEBUG Removing outdated records from the 'Hash' table...
2018-01-29 23:38:15.7232 INFO 1 servers were removed due to timeout
2018-01-29 23:38:16.4203 DEBUG Aggregating records in 'Counter' table...
2018-01-29 23:43:16.9655 DEBUG Aggregating records in 'Counter' table...
2018-01-29 23:48:17.5927 DEBUG Aggregating records in 'Counter' table...
2018-01-29 23:53:18.1896 DEBUG Aggregating records in 'Counter' table...
2018-01-29 23:58:18.4573 DEBUG Aggregating records in 'Counter' table...
