2018-01-25 17:25:02.9203 INFO Start installing Hangfire SQL objects...
2018-01-25 17:25:16.7641 INFO Hangfire SQL objects installed.
2018-01-25 17:25:19.3483 INFO Starting Hangfire Server
2018-01-25 17:25:19.3483 INFO Using job storage: 'SQL Server: .\SQLEXPRESS@HoneyConnection'
2018-01-25 17:25:19.3483 INFO Using the following options for SQL Server job storage:
2018-01-25 17:25:19.3483 INFO     Queue poll interval: 00:00:15.
2018-01-25 17:25:19.3483 INFO Using the following options for Hangfire Server:
2018-01-25 17:25:19.3483 INFO     Worker count: 10
2018-01-25 17:25:19.3483 INFO     Listening queues: 'default'
2018-01-25 17:25:19.3483 INFO     Shutdown timeout: 00:00:15
2018-01-25 17:25:19.3483 INFO     Schedule polling interval: 00:00:15
2018-01-25 17:25:19.4433 DEBUG Background process 'BackgroundProcessingServer' started.
2018-01-25 17:25:20.0193 DEBUG Background process 'ServerHeartbeat' started.
2018-01-25 17:25:20.0583 DEBUG Background process 'ServerWatchdog' started.
2018-01-25 17:25:20.1823 DEBUG Background process 'Hangfire.SqlServer.ExpirationManager' started.
2018-01-25 17:25:20.1823 DEBUG Removing outdated records from the 'AggregatedCounter' table...
2018-01-25 17:25:20.2423 DEBUG Background process 'Hangfire.SqlServer.CountersAggregator' started.
2018-01-25 17:25:20.2423 DEBUG Aggregating records in 'Counter' table...
2018-01-25 17:25:20.2523 DEBUG Background process 'Worker #5a04cb8e' started.
2018-01-25 17:25:20.5113 DEBUG Background process 'Worker #c0f46702' started.
2018-01-25 17:25:20.5173 DEBUG Background process 'Worker #d79cf2ff' started.
2018-01-25 17:25:20.5313 DEBUG Background process 'Worker #d506e86b' started.
2018-01-25 17:25:20.5623 DEBUG Background process 'Worker #e05488ab' started.
2018-01-25 17:25:20.5903 DEBUG Background process 'Worker #7c700167' started.
2018-01-25 17:25:20.6123 DEBUG Background process 'Worker #7cb281eb' started.
2018-01-25 17:25:20.6323 DEBUG Background process 'Worker #a9ef6139' started.
2018-01-25 17:25:20.6503 DEBUG Background process 'Worker #f661de05' started.
2018-01-25 17:25:20.7394 DEBUG Background process 'Worker #b9afb9aa' started.
2018-01-25 17:25:20.7524 DEBUG Background process 'DelayedJobScheduler' started.
2018-01-25 17:25:20.7524 DEBUG Background process 'RecurringJobScheduler' started.
2018-01-25 17:25:21.5144 DEBUG Removing outdated records from the 'Job' table...
2018-01-25 17:25:24.4306 DEBUG Removing outdated records from the 'List' table...
2018-01-25 17:25:26.8807 DEBUG Removing outdated records from the 'Set' table...
2018-01-25 17:25:27.3387 DEBUG Removing outdated records from the 'Hash' table...
2018-01-25 17:30:29.5940 DEBUG Aggregating records in 'Counter' table...
2018-01-25 17:35:29.8322 DEBUG Aggregating records in 'Counter' table...
2018-01-25 17:40:30.1314 DEBUG Aggregating records in 'Counter' table...
2018-01-25 17:45:30.3645 DEBUG Aggregating records in 'Counter' table...
2018-01-25 17:50:30.5437 DEBUG Aggregating records in 'Counter' table...
2018-01-25 17:55:28.1817 DEBUG Removing outdated records from the 'AggregatedCounter' table...
2018-01-25 17:55:28.2297 DEBUG Removing outdated records from the 'Job' table...
2018-01-25 17:55:28.2737 DEBUG Removing outdated records from the 'List' table...
2018-01-25 17:55:28.3187 DEBUG Removing outdated records from the 'Set' table...
2018-01-25 17:55:28.3757 DEBUG Removing outdated records from the 'Hash' table...
2018-01-25 17:55:30.7579 DEBUG Aggregating records in 'Counter' table...
2018-01-25 18:01:14.3945 INFO Start installing Hangfire SQL objects...
2018-01-25 18:01:15.1646 INFO Hangfire SQL objects installed.
2018-01-25 18:01:16.3086 INFO Starting Hangfire Server
2018-01-25 18:01:16.3086 INFO Using job storage: 'SQL Server: .\SQLEXPRESS@HoneyConnection'
2018-01-25 18:01:16.3086 INFO Using the following options for SQL Server job storage:
2018-01-25 18:01:16.3086 INFO     Queue poll interval: 00:00:15.
2018-01-25 18:01:16.3086 INFO Using the following options for Hangfire Server:
2018-01-25 18:01:16.3086 INFO     Worker count: 10
2018-01-25 18:01:16.3236 INFO     Listening queues: 'default'
2018-01-25 18:01:16.3236 INFO     Shutdown timeout: 00:00:15
2018-01-25 18:01:16.3236 INFO     Schedule polling interval: 00:00:15
2018-01-25 18:01:16.3926 DEBUG Background process 'BackgroundProcessingServer' started.
2018-01-25 18:01:16.7227 DEBUG Background process 'ServerHeartbeat' started.
2018-01-25 18:01:16.7577 DEBUG Background process 'ServerWatchdog' started.
2018-01-25 18:01:16.9157 DEBUG Background process 'Hangfire.SqlServer.ExpirationManager' started.
2018-01-25 18:01:16.9177 DEBUG Removing outdated records from the 'AggregatedCounter' table...
2018-01-25 18:01:16.9727 DEBUG Background process 'Hangfire.SqlServer.CountersAggregator' started.
2018-01-25 18:01:16.9727 DEBUG Aggregating records in 'Counter' table...
2018-01-25 18:01:17.0787 DEBUG Background process 'Worker #2a58f668' started.
2018-01-25 18:01:17.1767 DEBUG Background process 'Worker #ffa47191' started.
2018-01-25 18:01:17.2007 DEBUG Removing outdated records from the 'Job' table...
2018-01-25 18:01:17.2537 DEBUG Background process 'Worker #4a4f79d4' started.
2018-01-25 18:01:17.5017 DEBUG Background process 'Worker #bfe81e57' started.
2018-01-25 18:01:17.5187 DEBUG Background process 'Worker #a8e946a3' started.
2018-01-25 18:01:17.6997 DEBUG Background process 'Worker #43fb21e7' started.
2018-01-25 18:01:17.6997 DEBUG Background process 'Worker #540545d0' started.
2018-01-25 18:01:17.7137 DEBUG Removing outdated records from the 'List' table...
2018-01-25 18:01:17.9437 DEBUG Background process 'Worker #18e7c9bf' started.
2018-01-25 18:01:17.9587 DEBUG Removing outdated records from the 'Set' table...
2018-01-25 18:01:18.0177 DEBUG Background process 'Worker #7fcc8f00' started.
2018-01-25 18:01:18.1277 DEBUG Background process 'Worker #d54007b7' started.
2018-01-25 18:01:18.1998 DEBUG Background process 'DelayedJobScheduler' started.
2018-01-25 18:01:18.1998 DEBUG Removing outdated records from the 'Hash' table...
2018-01-25 18:01:18.2898 DEBUG Background process 'RecurringJobScheduler' started.
